This file contains any messages produced by compilers while
running configure, to aid debugging if configure makes a mistake.

It was created by hds-v4 configure 5.2-1, which was
generated by Starlink Autoconf 2.69.  Invocation command line was

  $ ./configure 

## --------- ##
## Platform. ##
## --------- ##

hostname = kapili
uname -m = x86_64
uname -r = 2.6.32-696.30.1.el6.x86_64
uname -s = Linux
uname -v = #1 SMP Tue May 22 03:28:18 UTC 2018

/usr/bin/uname -p = unknown
/bin/uname -X     = unknown

/bin/arch              = x86_64
/usr/bin/arch -k       = unknown
/usr/convex/getsysinfo = unknown
/usr/bin/hostinfo      = unknown
/bin/machine           = unknown
/usr/bin/oslevel       = unknown
/bin/universe          = unknown

PATH: /export/data/sgraves/software/bin
PATH: /export/data/sgraves/software/TEXLIVE/2013/bin/x86_64-linux/
PATH: /local/python/bin
PATH: /local/bin
PATH: /usr/lib64/qt-3.3/bin
PATH: /usr/local/bin
PATH: /bin
PATH: /usr/bin
PATH: /local/sbin
PATH: /usr/local/sbin
PATH: /usr/sbin
PATH: /sbin
PATH: /home/sgraves/soft/bin


## ----------- ##
## Core tests. ##
## ----------- ##

configure:2669: checking for a BSD-compatible install
configure:2737: result: /usr/bin/install -c
configure:2748: checking whether build environment is sane
configure:2803: result: yes
configure:2954: checking for a thread-safe mkdir -p
configure:2993: result: /bin/mkdir -p
configure:3000: checking for gawk
configure:3016: found /bin/gawk
configure:3027: result: gawk
configure:3038: checking whether make sets $(MAKE)
configure:3060: result: yes
configure:3089: checking whether make supports nested variables
configure:3106: result: yes
configure:3301: Starlink tree located at /export/data/sgraves/sgraves-stardev
configure:3456: checking for git
configure:3474: found /usr/bin/git
configure:3486: result: /usr/bin/git
configure:3519: checking for pax
configure:3537: found /usr/bin/pax
configure:3549: result: /usr/bin/pax
configure:3561: checking for gnutar
configure:3594: result: no
configure:3561: checking for tar
configure:3579: found /bin/tar
configure:3591: result: /bin/tar
configure:3666: checking for gcc
configure:3682: found /usr/bin/gcc
configure:3693: result: gcc
configure:3922: checking for C compiler version
configure:3931: gcc --version >&5
gcc (GCC) 4.4.7 20120313 (Red Hat 4.4.7-18)
Copyright (C) 2010 Free Software Foundation, Inc.
This is free software; see the source for copying conditions.  There is NO
warranty; not even for MERCHANTABILITY or FITNESS FOR A PARTICULAR PURPOSE.

configure:3942: $? = 0
configure:3931: gcc -v >&5
Using built-in specs.
Target: x86_64-redhat-linux
Configured with: ../configure --prefix=/usr --mandir=/usr/share/man --infodir=/usr/share/info --with-bugurl=http://bugzilla.redhat.com/bugzilla --enable-bootstrap --enable-shared --enable-threads=posix --enable-checking=release --with-system-zlib --enable-__cxa_atexit --disable-libunwind-exceptions --enable-gnu-unique-object --enable-languages=c,c++,objc,obj-c++,java,fortran,ada --enable-java-awt=gtk --disable-dssi --with-java-home=/usr/lib/jvm/java-1.5.0-gcj-1.5.0.0/jre --enable-libgcj-multifile --enable-java-maintainer-mode --with-ecj-jar=/usr/share/java/eclipse-ecj.jar --disable-libjava-multilib --with-ppl --with-cloog --with-tune=generic --with-arch_32=i686 --build=x86_64-redhat-linux
Thread model: posix
gcc version 4.4.7 20120313 (Red Hat 4.4.7-18) (GCC) 
configure:3942: $? = 0
configure:3931: gcc -V >&5
gcc: '-V' option must have argument
configure:3942: $? = 1
configure:3931: gcc -qversion >&5
gcc: unrecognized option '-qversion'
gcc: no input files
configure:3942: $? = 1
configure:3962: checking whether the C compiler works
configure:3984: gcc  -I../includefiles  conftest.c  >&5
configure:3988: $? = 0
configure:4036: result: yes
configure:4039: checking for C compiler default output file name
configure:4041: result: a.out
configure:4047: checking for suffix of executables
configure:4054: gcc -o conftest  -I../includefiles  conftest.c  >&5
configure:4058: $? = 0
configure:4080: result: 
configure:4102: checking whether we are cross compiling
configure:4110: gcc -o conftest  -I../includefiles  conftest.c  >&5
configure:4114: $? = 0
configure:4121: ./conftest
configure:4125: $? = 0
configure:4140: result: no
configure:4145: checking for suffix of object files
configure:4167: gcc -c  -I../includefiles conftest.c >&5
configure:4171: $? = 0
configure:4192: result: o
configure:4196: checking whether we are using the GNU C compiler
configure:4215: gcc -c  -I../includefiles conftest.c >&5
configure:4215: $? = 0
configure:4224: result: yes
configure:4233: checking whether gcc accepts -g
configure:4253: gcc -c -g -I../includefiles conftest.c >&5
configure:4253: $? = 0
configure:4294: result: yes
configure:4311: checking for gcc option to accept ISO C89
configure:4374: gcc  -c -g -O2 -I../includefiles conftest.c >&5
configure:4374: $? = 0
configure:4387: result: none needed
configure:4412: checking whether gcc understands -c and -o together
configure:4434: gcc -c conftest.c -o conftest2.o
configure:4437: $? = 0
configure:4434: gcc -c conftest.c -o conftest2.o
configure:4437: $? = 0
configure:4449: result: yes
configure:4477: checking for style of include used by make
configure:4505: result: GNU
configure:4531: checking dependency style of gcc
configure:4642: result: gcc3
configure:4710: checking for gfortran
configure:4726: found /usr/bin/gfortran
configure:4737: result: gfortran
configure:4763: checking for Fortran compiler version
configure:4772: gfortran --version >&5
GNU Fortran (GCC) 4.4.7 20120313 (Red Hat 4.4.7-18)
Copyright (C) 2010 Free Software Foundation, Inc.

GNU Fortran comes with NO WARRANTY, to the extent permitted by law.
You may redistribute copies of GNU Fortran
under the terms of the GNU General Public License.
For more information about these matters, see the file named COPYING

configure:4783: $? = 0
configure:4772: gfortran -v >&5
Using built-in specs.
Target: x86_64-redhat-linux
Configured with: ../configure --prefix=/usr --mandir=/usr/share/man --infodir=/usr/share/info --with-bugurl=http://bugzilla.redhat.com/bugzilla --enable-bootstrap --enable-shared --enable-threads=posix --enable-checking=release --with-system-zlib --enable-__cxa_atexit --disable-libunwind-exceptions --enable-gnu-unique-object --enable-languages=c,c++,objc,obj-c++,java,fortran,ada --enable-java-awt=gtk --disable-dssi --with-java-home=/usr/lib/jvm/java-1.5.0-gcj-1.5.0.0/jre --enable-libgcj-multifile --enable-java-maintainer-mode --with-ecj-jar=/usr/share/java/eclipse-ecj.jar --disable-libjava-multilib --with-ppl --with-cloog --with-tune=generic --with-arch_32=i686 --build=x86_64-redhat-linux
Thread model: posix
gcc version 4.4.7 20120313 (Red Hat 4.4.7-18) (GCC) 
configure:4783: $? = 0
configure:4772: gfortran -V >&5
gfortran: '-V' option must have argument
configure:4783: $? = 1
configure:4772: gfortran -qversion >&5
gfortran: unrecognized option '-qversion'
gfortran: no input files
configure:4783: $? = 1
configure:4792: checking whether we are using the GNU Fortran compiler
configure:4805: gfortran -c   conftest.F >&5
configure:4805: $? = 0
configure:4814: result: yes
configure:4820: checking whether gfortran accepts -g
configure:4831: gfortran -c -g  conftest.f >&5
configure:4831: $? = 0
configure:4839: result: yes
configure:4897: checking build system type
configure:4911: result: x86_64-pc-linux-gnu
configure:4931: checking host system type
configure:4944: result: x86_64-pc-linux-gnu
configure:4985: checking how to print strings
configure:5012: result: printf
configure:5033: checking for a sed that does not truncate output
configure:5097: result: /bin/sed
configure:5115: checking for grep that handles long lines and -e
configure:5173: result: /bin/grep
configure:5178: checking for egrep
configure:5240: result: /bin/grep -E
configure:5245: checking for fgrep
configure:5307: result: /bin/grep -F
configure:5342: checking for ld used by gcc
configure:5409: result: /usr/bin/ld
configure:5416: checking if the linker (/usr/bin/ld) is GNU ld
configure:5431: result: yes
configure:5443: checking for BSD- or MS-compatible name lister (nm)
configure:5492: result: /usr/bin/nm -B
configure:5622: checking the name lister (/usr/bin/nm -B) interface
configure:5629: gcc -c -g -O2 -I../includefiles conftest.c >&5
configure:5632: /usr/bin/nm -B "conftest.o"
configure:5635: output
0000000000000000 B some_variable
configure:5642: result: BSD nm
configure:5645: checking whether ln -s works
configure:5649: result: yes
configure:5657: checking the maximum length of command line arguments
configure:5787: result: 1966080
configure:5804: checking whether the shell understands some XSI constructs
configure:5814: result: yes
configure:5818: checking whether the shell understands "+="
configure:5824: result: yes
configure:5859: checking how to convert x86_64-pc-linux-gnu file names to x86_64-pc-linux-gnu format
configure:5899: result: func_convert_file_noop
configure:5906: checking how to convert x86_64-pc-linux-gnu file names to toolchain format
configure:5926: result: func_convert_file_noop
configure:5933: checking for /usr/bin/ld option to reload object files
configure:5940: result: -r
configure:6014: checking for objdump
configure:6030: found /usr/bin/objdump
configure:6041: result: objdump
configure:6073: checking how to recognize dependent libraries
configure:6275: result: pass_all
configure:6360: checking for dlltool
configure:6390: result: no
configure:6420: checking how to associate runtime and link libraries
configure:6447: result: printf %s\n
configure:6508: checking for ar
configure:6524: found /usr/bin/ar
configure:6535: result: ar
configure:6572: checking for archiver @FILE support
configure:6589: gcc -c -g -O2 -I../includefiles conftest.c >&5
configure:6589: $? = 0
configure:6592: ar cru libconftest.a @conftest.lst >&5
configure:6595: $? = 0
configure:6600: ar cru libconftest.a @conftest.lst >&5
ar: conftest.o: No such file or directory
configure:6603: $? = 1
configure:6615: result: @
configure:6673: checking for strip
configure:6689: found /usr/bin/strip
configure:6700: result: strip
configure:6772: checking for ranlib
configure:6788: found /usr/bin/ranlib
configure:6799: result: ranlib
configure:6901: checking command to parse /usr/bin/nm -B output from gcc object
configure:7021: gcc -c -g -O2 -I../includefiles conftest.c >&5
configure:7024: $? = 0
configure:7028: /usr/bin/nm -B conftest.o \| sed -n -e 's/^.*[ ]\([ABCDGIRSTW][ABCDGIRSTW]*\)[ ][ ]*\([_A-Za-z][_A-Za-z0-9]*\)$/\1 \2 \2/p' | sed '/ __gnu_lto/d' \> conftest.nm
configure:7031: $? = 0
configure:7097: gcc -o conftest -g -O2 -I../includefiles  conftest.c conftstm.o >&5
configure:7100: $? = 0
configure:7138: result: ok
configure:7175: checking for sysroot
configure:7205: result: no
configure:7282: gcc -c -g -O2 -I../includefiles conftest.c >&5
configure:7285: $? = 0
configure:7461: checking for mt
configure:7491: result: no
configure:7511: checking if : is a manifest tool
configure:7517: : '-?'
configure:7525: result: no
configure:8167: checking how to run the C preprocessor
configure:8198: gcc -E -I../includefiles conftest.c
configure:8198: $? = 0
configure:8212: gcc -E -I../includefiles conftest.c
conftest.c:12:28: error: ac_nonexistent.h: No such file or directory
configure:8212: $? = 1
configure: failed program was:
| /* confdefs.h */
| #define PACKAGE_NAME "hds-v4"
| #define PACKAGE_TARNAME "hds-v4"
| #define PACKAGE_VERSION "5.2-1"
| #define PACKAGE_STRING "hds-v4 5.2-1"
| #define PACKAGE_BUGREPORT "starlink@jiscmail.ac.uk"
| #define PACKAGE_URL ""
| #define PACKAGE "hds-v4"
| #define VERSION "5.2-1"
| #define _POSIX_C_SOURCE 200112L
| /* end confdefs.h.  */
| #include <ac_nonexistent.h>
configure:8237: result: gcc -E
configure:8257: gcc -E -I../includefiles conftest.c
configure:8257: $? = 0
configure:8271: gcc -E -I../includefiles conftest.c
conftest.c:12:28: error: ac_nonexistent.h: No such file or directory
configure:8271: $? = 1
configure: failed program was:
| /* confdefs.h */
| #define PACKAGE_NAME "hds-v4"
| #define PACKAGE_TARNAME "hds-v4"
| #define PACKAGE_VERSION "5.2-1"
| #define PACKAGE_STRING "hds-v4 5.2-1"
| #define PACKAGE_BUGREPORT "starlink@jiscmail.ac.uk"
| #define PACKAGE_URL ""
| #define PACKAGE "hds-v4"
| #define VERSION "5.2-1"
| #define _POSIX_C_SOURCE 200112L
| /* end confdefs.h.  */
| #include <ac_nonexistent.h>
configure:8300: checking for ANSI C header files
configure:8320: gcc -c -g -O2 -I../includefiles conftest.c >&5
configure:8320: $? = 0
configure:8393: gcc -o conftest -g -O2 -I../includefiles  conftest.c  >&5
configure:8393: $? = 0
configure:8393: ./conftest
configure:8393: $? = 0
configure:8404: result: yes
configure:8417: checking for sys/types.h
configure:8417: gcc -c -g -O2 -I../includefiles conftest.c >&5
configure:8417: $? = 0
configure:8417: result: yes
configure:8417: checking for sys/stat.h
configure:8417: gcc -c -g -O2 -I../includefiles conftest.c >&5
configure:8417: $? = 0
configure:8417: result: yes
configure:8417: checking for stdlib.h
configure:8417: gcc -c -g -O2 -I../includefiles conftest.c >&5
configure:8417: $? = 0
configure:8417: result: yes
configure:8417: checking for string.h
configure:8417: gcc -c -g -O2 -I../includefiles conftest.c >&5
configure:8417: $? = 0
configure:8417: result: yes
configure:8417: checking for memory.h
configure:8417: gcc -c -g -O2 -I../includefiles conftest.c >&5
configure:8417: $? = 0
configure:8417: result: yes
configure:8417: checking for strings.h
configure:8417: gcc -c -g -O2 -I../includefiles conftest.c >&5
configure:8417: $? = 0
configure:8417: result: yes
configure:8417: checking for inttypes.h
configure:8417: gcc -c -g -O2 -I../includefiles conftest.c >&5
configure:8417: $? = 0
configure:8417: result: yes
configure:8417: checking for stdint.h
configure:8417: gcc -c -g -O2 -I../includefiles conftest.c >&5
configure:8417: $? = 0
configure:8417: result: yes
configure:8417: checking for unistd.h
configure:8417: gcc -c -g -O2 -I../includefiles conftest.c >&5
configure:8417: $? = 0
configure:8417: result: yes
configure:8431: checking for dlfcn.h
configure:8431: gcc -c -g -O2 -I../includefiles conftest.c >&5
configure:8431: $? = 0
configure:8431: result: yes
configure:8648: checking for objdir
configure:8663: result: .libs
configure:8930: checking if gcc supports -fno-rtti -fno-exceptions
configure:8948: gcc -c -g -O2 -I../includefiles -fno-rtti -fno-exceptions conftest.c >&5
cc1: warning: command line option "-fno-rtti" is valid for C++/ObjC++ but not for C
configure:8952: $? = 0
configure:8965: result: no
configure:9292: checking for gcc option to produce PIC
configure:9299: result: -fPIC -DPIC
configure:9307: checking if gcc PIC flag -fPIC -DPIC works
configure:9325: gcc -c -g -O2 -I../includefiles -fPIC -DPIC -DPIC conftest.c >&5
configure:9329: $? = 0
configure:9342: result: yes
configure:9371: checking if gcc static flag -static works
configure:9399: result: no
configure:9414: checking if gcc supports -c -o file.o
configure:9435: gcc -c -g -O2 -I../includefiles -o out/conftest2.o conftest.c >&5
configure:9439: $? = 0
configure:9461: result: yes
configure:9469: checking if gcc supports -c -o file.o
configure:9516: result: yes
configure:9549: checking whether the gcc linker (/usr/bin/ld -m elf_x86_64) supports shared libraries
configure:10702: result: yes
configure:10739: checking whether -lc should be explicitly linked in
configure:10747: gcc -c -g -O2 -I../includefiles conftest.c >&5
configure:10750: $? = 0
configure:10765: gcc -shared  -fPIC -DPIC conftest.o  -v -Wl,-soname -Wl,conftest -o conftest 2\>\&1 \| /bin/grep  -lc  \>/dev/null 2\>\&1
configure:10768: $? = 0
configure:10782: result: no
configure:10942: checking dynamic linker characteristics
configure:11453: gcc -o conftest -g -O2 -I../includefiles  -Wl,-rpath -Wl,/foo conftest.c  >&5
configure:11453: $? = 0
configure:11675: result: GNU/Linux ld.so
configure:11782: checking how to hardcode library paths into programs
configure:11807: result: immediate
configure:12347: checking whether stripping libraries is possible
configure:12352: result: yes
configure:12387: checking if libtool supports shared libraries
configure:12389: result: yes
configure:12392: checking whether to build shared libraries
configure:12413: result: yes
configure:12416: checking whether to build static libraries
configure:12420: result: yes
configure:12549: checking if libtool supports shared libraries
configure:12551: result: yes
configure:12554: checking whether to build shared libraries
configure:12574: result: yes
configure:12577: checking whether to build static libraries
configure:12581: result: yes
configure:12615: gfortran -c -g -O2  conftest.f >&5
configure:12618: $? = 0
configure:13065: checking for gfortran option to produce PIC
configure:13072: result: -fPIC
configure:13080: checking if gfortran PIC flag -fPIC works
configure:13098: gfortran -c -g -O2 -fPIC  conftest.f >&5
configure:13102: $? = 0
configure:13115: result: yes
configure:13138: checking if gfortran static flag -static works
configure:13166: result: no
configure:13178: checking if gfortran supports -c -o file.o
configure:13199: gfortran -c -g -O2 -o out/conftest2.o  conftest.f >&5
configure:13203: $? = 0
configure:13225: result: yes
configure:13230: checking if gfortran supports -c -o file.o
configure:13277: result: yes
configure:13307: checking whether the gfortran linker (/usr/bin/ld -m elf_x86_64) supports shared libraries
configure:14410: result: yes
configure:14551: checking dynamic linker characteristics
configure:15212: result: GNU/Linux ld.so
configure:15265: checking how to hardcode library paths into programs
configure:15290: result: immediate
configure:15351: checking whether byte ordering is bigendian
configure:15366: gcc -c -g -O2 -I../includefiles conftest.c >&5
conftest.c:25: error: expected '=', ',', ';', 'asm' or '__attribute__' before 'a'
configure:15366: $? = 1
configure: failed program was:
| /* confdefs.h */
| #define PACKAGE_NAME "hds-v4"
| #define PACKAGE_TARNAME "hds-v4"
| #define PACKAGE_VERSION "5.2-1"
| #define PACKAGE_STRING "hds-v4 5.2-1"
| #define PACKAGE_BUGREPORT "starlink@jiscmail.ac.uk"
| #define PACKAGE_URL ""
| #define PACKAGE "hds-v4"
| #define VERSION "5.2-1"
| #define _POSIX_C_SOURCE 200112L
| #define STDC_HEADERS 1
| #define HAVE_SYS_TYPES_H 1
| #define HAVE_SYS_STAT_H 1
| #define HAVE_STDLIB_H 1
| #define HAVE_STRING_H 1
| #define HAVE_MEMORY_H 1
| #define HAVE_STRINGS_H 1
| #define HAVE_INTTYPES_H 1
| #define HAVE_STDINT_H 1
| #define HAVE_UNISTD_H 1
| #define HAVE_DLFCN_H 1
| #define LT_OBJDIR ".libs/"
| /* end confdefs.h.  */
| #ifndef __APPLE_CC__
| 	       not a universal capable compiler
| 	     #endif
| 	     typedef int dummy;
| 
configure:15411: gcc -c -g -O2 -I../includefiles conftest.c >&5
conftest.c: In function 'main':
conftest.c:31: error: 'bogus' undeclared (first use in this function)
conftest.c:31: error: (Each undeclared identifier is reported only once
conftest.c:31: error: for each function it appears in.)
conftest.c:31: error: expected ';' before 'endian'
configure:15411: $? = 1
configure: failed program was:
| /* confdefs.h */
| #define PACKAGE_NAME "hds-v4"
| #define PACKAGE_TARNAME "hds-v4"
| #define PACKAGE_VERSION "5.2-1"
| #define PACKAGE_STRING "hds-v4 5.2-1"
| #define PACKAGE_BUGREPORT "starlink@jiscmail.ac.uk"
| #define PACKAGE_URL ""
| #define PACKAGE "hds-v4"
| #define VERSION "5.2-1"
| #define _POSIX_C_SOURCE 200112L
| #define STDC_HEADERS 1
| #define HAVE_SYS_TYPES_H 1
| #define HAVE_SYS_STAT_H 1
| #define HAVE_STDLIB_H 1
| #define HAVE_STRING_H 1
| #define HAVE_MEMORY_H 1
| #define HAVE_STRINGS_H 1
| #define HAVE_INTTYPES_H 1
| #define HAVE_STDINT_H 1
| #define HAVE_UNISTD_H 1
| #define HAVE_DLFCN_H 1
| #define LT_OBJDIR ".libs/"
| /* end confdefs.h.  */
| #include <sys/types.h>
| 	     #include <sys/param.h>
| 
| int
| main ()
| {
| #if ! (defined BYTE_ORDER && defined BIG_ENDIAN 		     && defined LITTLE_ENDIAN && BYTE_ORDER && BIG_ENDIAN 		     && LITTLE_ENDIAN)
| 	      bogus endian macros
| 	     #endif
| 
|   ;
|   return 0;
| }
configure:15455: gcc -c -g -O2 -I../includefiles conftest.c >&5
conftest.c: In function 'main':
conftest.c:30: error: 'bogus' undeclared (first use in this function)
conftest.c:30: error: (Each undeclared identifier is reported only once
conftest.c:30: error: for each function it appears in.)
conftest.c:30: error: expected ';' before 'endian'
configure:15455: $? = 1
configure: failed program was:
| /* confdefs.h */
| #define PACKAGE_NAME "hds-v4"
| #define PACKAGE_TARNAME "hds-v4"
| #define PACKAGE_VERSION "5.2-1"
| #define PACKAGE_STRING "hds-v4 5.2-1"
| #define PACKAGE_BUGREPORT "starlink@jiscmail.ac.uk"
| #define PACKAGE_URL ""
| #define PACKAGE "hds-v4"
| #define VERSION "5.2-1"
| #define _POSIX_C_SOURCE 200112L
| #define STDC_HEADERS 1
| #define HAVE_SYS_TYPES_H 1
| #define HAVE_SYS_STAT_H 1
| #define HAVE_STDLIB_H 1
| #define HAVE_STRING_H 1
| #define HAVE_MEMORY_H 1
| #define HAVE_STRINGS_H 1
| #define HAVE_INTTYPES_H 1
| #define HAVE_STDINT_H 1
| #define HAVE_UNISTD_H 1
| #define HAVE_DLFCN_H 1
| #define LT_OBJDIR ".libs/"
| /* end confdefs.h.  */
| #include <limits.h>
| 
| int
| main ()
| {
| #if ! (defined _LITTLE_ENDIAN || defined _BIG_ENDIAN)
| 	      bogus endian macros
| 	     #endif
| 
|   ;
|   return 0;
| }
configure:15546: gcc -o conftest -g -O2 -I../includefiles  conftest.c  >&5
configure:15546: $? = 0
configure:15546: ./conftest
configure:15546: $? = 0
configure:15557: result: no
configure:15576: checking for pid_t
configure:15576: gcc -c -g -O2 -I../includefiles conftest.c >&5
configure:15576: $? = 0
configure:15576: gcc -c -g -O2 -I../includefiles conftest.c >&5
conftest.c: In function 'main':
conftest.c:60: error: expected expression before ')' token
configure:15576: $? = 1
configure: failed program was:
| /* confdefs.h */
| #define PACKAGE_NAME "hds-v4"
| #define PACKAGE_TARNAME "hds-v4"
| #define PACKAGE_VERSION "5.2-1"
| #define PACKAGE_STRING "hds-v4 5.2-1"
| #define PACKAGE_BUGREPORT "starlink@jiscmail.ac.uk"
| #define PACKAGE_URL ""
| #define PACKAGE "hds-v4"
| #define VERSION "5.2-1"
| #define _POSIX_C_SOURCE 200112L
| #define STDC_HEADERS 1
| #define HAVE_SYS_TYPES_H 1
| #define HAVE_SYS_STAT_H 1
| #define HAVE_STDLIB_H 1
| #define HAVE_STRING_H 1
| #define HAVE_MEMORY_H 1
| #define HAVE_STRINGS_H 1
| #define HAVE_INTTYPES_H 1
| #define HAVE_STDINT_H 1
| #define HAVE_UNISTD_H 1
| #define HAVE_DLFCN_H 1
| #define LT_OBJDIR ".libs/"
| /* end confdefs.h.  */
| #include <stdio.h>
| #ifdef HAVE_SYS_TYPES_H
| # include <sys/types.h>
| #endif
| #ifdef HAVE_SYS_STAT_H
| # include <sys/stat.h>
| #endif
| #ifdef STDC_HEADERS
| # include <stdlib.h>
| # include <stddef.h>
| #else
| # ifdef HAVE_STDLIB_H
| #  include <stdlib.h>
| # endif
| #endif
| #ifdef HAVE_STRING_H
| # if !defined STDC_HEADERS && defined HAVE_MEMORY_H
| #  include <memory.h>
| # endif
| # include <string.h>
| #endif
| #ifdef HAVE_STRINGS_H
| # include <strings.h>
| #endif
| #ifdef HAVE_INTTYPES_H
| # include <inttypes.h>
| #endif
| #ifdef HAVE_STDINT_H
| # include <stdint.h>
| #endif
| #ifdef HAVE_UNISTD_H
| # include <unistd.h>
| #endif
| int
| main ()
| {
| if (sizeof ((pid_t)))
| 	    return 0;
|   ;
|   return 0;
| }
configure:15576: result: yes
configure:15589: checking vfork.h usability
configure:15589: gcc -c -g -O2 -I../includefiles conftest.c >&5
conftest.c:57:19: error: vfork.h: No such file or directory
configure:15589: $? = 1
configure: failed program was:
| /* confdefs.h */
| #define PACKAGE_NAME "hds-v4"
| #define PACKAGE_TARNAME "hds-v4"
| #define PACKAGE_VERSION "5.2-1"
| #define PACKAGE_STRING "hds-v4 5.2-1"
| #define PACKAGE_BUGREPORT "starlink@jiscmail.ac.uk"
| #define PACKAGE_URL ""
| #define PACKAGE "hds-v4"
| #define VERSION "5.2-1"
| #define _POSIX_C_SOURCE 200112L
| #define STDC_HEADERS 1
| #define HAVE_SYS_TYPES_H 1
| #define HAVE_SYS_STAT_H 1
| #define HAVE_STDLIB_H 1
| #define HAVE_STRING_H 1
| #define HAVE_MEMORY_H 1
| #define HAVE_STRINGS_H 1
| #define HAVE_INTTYPES_H 1
| #define HAVE_STDINT_H 1
| #define HAVE_UNISTD_H 1
| #define HAVE_DLFCN_H 1
| #define LT_OBJDIR ".libs/"
| /* end confdefs.h.  */
| #include <stdio.h>
| #ifdef HAVE_SYS_TYPES_H
| # include <sys/types.h>
| #endif
| #ifdef HAVE_SYS_STAT_H
| # include <sys/stat.h>
| #endif
| #ifdef STDC_HEADERS
| # include <stdlib.h>
| # include <stddef.h>
| #else
| # ifdef HAVE_STDLIB_H
| #  include <stdlib.h>
| # endif
| #endif
| #ifdef HAVE_STRING_H
| # if !defined STDC_HEADERS && defined HAVE_MEMORY_H
| #  include <memory.h>
| # endif
| # include <string.h>
| #endif
| #ifdef HAVE_STRINGS_H
| # include <strings.h>
| #endif
| #ifdef HAVE_INTTYPES_H
| # include <inttypes.h>
| #endif
| #ifdef HAVE_STDINT_H
| # include <stdint.h>
| #endif
| #ifdef HAVE_UNISTD_H
| # include <unistd.h>
| #endif
| #include <vfork.h>
configure:15589: result: no
configure:15589: checking vfork.h presence
configure:15589: gcc -E -I../includefiles conftest.c
conftest.c:24:19: error: vfork.h: No such file or directory
configure:15589: $? = 1
configure: failed program was:
| /* confdefs.h */
| #define PACKAGE_NAME "hds-v4"
| #define PACKAGE_TARNAME "hds-v4"
| #define PACKAGE_VERSION "5.2-1"
| #define PACKAGE_STRING "hds-v4 5.2-1"
| #define PACKAGE_BUGREPORT "starlink@jiscmail.ac.uk"
| #define PACKAGE_URL ""
| #define PACKAGE "hds-v4"
| #define VERSION "5.2-1"
| #define _POSIX_C_SOURCE 200112L
| #define STDC_HEADERS 1
| #define HAVE_SYS_TYPES_H 1
| #define HAVE_SYS_STAT_H 1
| #define HAVE_STDLIB_H 1
| #define HAVE_STRING_H 1
| #define HAVE_MEMORY_H 1
| #define HAVE_STRINGS_H 1
| #define HAVE_INTTYPES_H 1
| #define HAVE_STDINT_H 1
| #define HAVE_UNISTD_H 1
| #define HAVE_DLFCN_H 1
| #define LT_OBJDIR ".libs/"
| /* end confdefs.h.  */
| #include <vfork.h>
configure:15589: result: no
configure:15589: checking for vfork.h
configure:15589: result: no
configure:15602: checking for fork
configure:15602: gcc -o conftest -g -O2 -I../includefiles  conftest.c  >&5
conftest.c:47: warning: conflicting types for built-in function 'fork'
configure:15602: $? = 0
configure:15602: result: yes
configure:15602: checking for vfork
configure:15602: gcc -o conftest -g -O2 -I../includefiles  conftest.c  >&5
configure:15602: $? = 0
configure:15602: result: yes
configure:15612: checking for working fork
configure:15634: gcc -o conftest -g -O2 -I../includefiles  conftest.c  >&5
configure:15634: $? = 0
configure:15634: ./conftest
configure:15634: $? = 0
configure:15644: result: yes
configure:15665: checking for working vfork
configure:15775: result: yes
configure:15822: checking for stdlib.h
configure:15822: result: yes
configure:15822: checking for unistd.h
configure:15822: result: yes
configure:15822: checking for sys/param.h
configure:15822: gcc -c -g -O2 -I../includefiles conftest.c >&5
configure:15822: $? = 0
configure:15822: result: yes
configure:15842: checking for getpagesize
configure:15842: gcc -o conftest -g -O2 -I../includefiles  conftest.c  >&5
configure:15842: $? = 0
configure:15842: result: yes
configure:15851: checking for working mmap
configure:15998: gcc -o conftest -g -O2 -I../includefiles  conftest.c  >&5
configure:15998: $? = 0
configure:15998: ./conftest
configure:15998: $? = 0
configure:16008: result: yes
configure:16022: checking how to make Fortran and C play nicely
configure:16087: result: 
configure:16100: checking sys/wait.h usability
configure:16100: gcc -c -g -O2 -I../includefiles conftest.c >&5
configure:16100: $? = 0
configure:16100: result: yes
configure:16100: checking sys/wait.h presence
configure:16100: gcc -E -I../includefiles conftest.c
configure:16100: $? = 0
configure:16100: result: yes
configure:16100: checking for sys/wait.h
configure:16100: result: yes
configure:16114: checking time.h usability
configure:16114: gcc -c -g -O2 -I../includefiles conftest.c >&5
configure:16114: $? = 0
configure:16114: result: yes
configure:16114: checking time.h presence
configure:16114: gcc -E -I../includefiles conftest.c
configure:16114: $? = 0
configure:16114: result: yes
configure:16114: checking for time.h
configure:16114: result: yes
configure:16127: checking for fcntl
configure:16127: gcc -o conftest -g -O2 -I../includefiles  conftest.c  >&5
configure:16127: $? = 0
configure:16127: result: yes
configure:16139: checking for fsync
configure:16139: gcc -o conftest -g -O2 -I../includefiles  conftest.c  >&5
configure:16139: $? = 0
configure:16139: result: yes
configure:16151: checking for atexit
configure:16151: gcc -o conftest -g -O2 -I../includefiles  conftest.c  >&5
configure:16151: $? = 0
configure:16151: result: yes
configure:16162: checking for on_exit
configure:16162: gcc -o conftest -g -O2 -I../includefiles  conftest.c  >&5
configure:16162: $? = 0
configure:16162: result: yes
configure:16173: checking for memmove
configure:16173: gcc -o conftest -g -O2 -I../includefiles  conftest.c  >&5
conftest.c:62: warning: conflicting types for built-in function 'memmove'
configure:16173: $? = 0
configure:16173: result: yes
configure:16186: checking for getwd
configure:16186: gcc -o conftest -g -O2 -I../includefiles  conftest.c  >&5
/tmp/ccgYnpqn.o: In function `main':
/export/data/sgraves/starlink-pyhds/hds-v4-5.2-1/conftest.c:74: warning: the `getwd' function is dangerous and should not be used.
configure:16186: $? = 0
configure:16186: result: yes
configure:16186: checking for getcwd
configure:16186: gcc -o conftest -g -O2 -I../includefiles  conftest.c  >&5
configure:16186: $? = 0
configure:16186: result: yes
configure:16196: checking for ANSI C header files
configure:16300: result: yes
configure:16310: checking stddef.h usability
configure:16310: gcc -c -g -O2 -I../includefiles conftest.c >&5
configure:16310: $? = 0
configure:16310: result: yes
configure:16310: checking stddef.h presence
configure:16310: gcc -E -I../includefiles conftest.c
configure:16310: $? = 0
configure:16310: result: yes
configure:16310: checking for stddef.h
configure:16310: result: yes
configure:16322: checking for unistd.h
configure:16322: result: yes
configure:16334: checking for sys/param.h
configure:16334: result: yes
configure:16346: checking for inttypes.h
configure:16346: result: yes
configure:16357: checking whether confstr is declared
configure:16357: gcc -c -g -O2 -I../includefiles conftest.c >&5
configure:16357: $? = 0
configure:16357: result: yes
configure:16368: checking whether getwd is declared
configure:16368: gcc -c -g -O2 -I../includefiles conftest.c >&5
conftest.c: In function 'main':
conftest.c:88: error: 'getwd' undeclared (first use in this function)
conftest.c:88: error: (Each undeclared identifier is reported only once
conftest.c:88: error: for each function it appears in.)
configure:16368: $? = 1
configure: failed program was:
| /* confdefs.h */
| #define PACKAGE_NAME "hds-v4"
| #define PACKAGE_TARNAME "hds-v4"
| #define PACKAGE_VERSION "5.2-1"
| #define PACKAGE_STRING "hds-v4 5.2-1"
| #define PACKAGE_BUGREPORT "starlink@jiscmail.ac.uk"
| #define PACKAGE_URL ""
| #define PACKAGE "hds-v4"
| #define VERSION "5.2-1"
| #define _POSIX_C_SOURCE 200112L
| #define STDC_HEADERS 1
| #define HAVE_SYS_TYPES_H 1
| #define HAVE_SYS_STAT_H 1
| #define HAVE_STDLIB_H 1
| #define HAVE_STRING_H 1
| #define HAVE_MEMORY_H 1
| #define HAVE_STRINGS_H 1
| #define HAVE_INTTYPES_H 1
| #define HAVE_STDINT_H 1
| #define HAVE_UNISTD_H 1
| #define HAVE_DLFCN_H 1
| #define LT_OBJDIR ".libs/"
| #define HAVE_FORK 1
| #define HAVE_VFORK 1
| #define HAVE_WORKING_VFORK 1
| #define HAVE_WORKING_FORK 1
| #define HAVE_STDLIB_H 1
| #define HAVE_UNISTD_H 1
| #define HAVE_SYS_PARAM_H 1
| #define HAVE_GETPAGESIZE 1
| #define HAVE_MMAP 1
| #define HAVE_SYS_WAIT_H 1
| #define HAVE_TIME_H 1
| #define HAVE_FCNTL 1
| #define HAVE_FSYNC 1
| #define HAVE_ATEXIT 1
| #define HAVE_ON_EXIT 1
| #define HAVE_MEMMOVE 1
| #define HAVE_GETWD 1
| #define HAVE_GETCWD 1
| #define STDC_HEADERS 1
| #define HAVE_STDDEF_H 1
| #define HAVE_UNISTD_H 1
| #define HAVE_SYS_PARAM_H 1
| #define HAVE_INTTYPES_H 1
| #define HAVE_DECL_CONFSTR 1
| /* end confdefs.h.  */
| #include <stdio.h>
| #ifdef HAVE_SYS_TYPES_H
| # include <sys/types.h>
| #endif
| #ifdef HAVE_SYS_STAT_H
| # include <sys/stat.h>
| #endif
| #ifdef STDC_HEADERS
| # include <stdlib.h>
| # include <stddef.h>
| #else
| # ifdef HAVE_STDLIB_H
| #  include <stdlib.h>
| # endif
| #endif
| #ifdef HAVE_STRING_H
| # if !defined STDC_HEADERS && defined HAVE_MEMORY_H
| #  include <memory.h>
| # endif
| # include <string.h>
| #endif
| #ifdef HAVE_STRINGS_H
| # include <strings.h>
| #endif
| #ifdef HAVE_INTTYPES_H
| # include <inttypes.h>
| #endif
| #ifdef HAVE_STDINT_H
| # include <stdint.h>
| #endif
| #ifdef HAVE_UNISTD_H
| # include <unistd.h>
| #endif
| int
| main ()
| {
| #ifndef getwd
| #ifdef __cplusplus
|   (void) getwd;
| #else
|   (void) getwd;
| #endif
| #endif
| 
|   ;
|   return 0;
| }
configure:16368: result: no
configure:16380: checking whether fsync is declared
configure:16380: gcc -c -g -O2 -I../includefiles conftest.c >&5
configure:16380: $? = 0
configure:16380: result: yes
configure:16394: checking crt_externs.h usability
configure:16394: gcc -c -g -O2 -I../includefiles conftest.c >&5
conftest.c:83:25: error: crt_externs.h: No such file or directory
configure:16394: $? = 1
configure: failed program was:
| /* confdefs.h */
| #define PACKAGE_NAME "hds-v4"
| #define PACKAGE_TARNAME "hds-v4"
| #define PACKAGE_VERSION "5.2-1"
| #define PACKAGE_STRING "hds-v4 5.2-1"
| #define PACKAGE_BUGREPORT "starlink@jiscmail.ac.uk"
| #define PACKAGE_URL ""
| #define PACKAGE "hds-v4"
| #define VERSION "5.2-1"
| #define _POSIX_C_SOURCE 200112L
| #define STDC_HEADERS 1
| #define HAVE_SYS_TYPES_H 1
| #define HAVE_SYS_STAT_H 1
| #define HAVE_STDLIB_H 1
| #define HAVE_STRING_H 1
| #define HAVE_MEMORY_H 1
| #define HAVE_STRINGS_H 1
| #define HAVE_INTTYPES_H 1
| #define HAVE_STDINT_H 1
| #define HAVE_UNISTD_H 1
| #define HAVE_DLFCN_H 1
| #define LT_OBJDIR ".libs/"
| #define HAVE_FORK 1
| #define HAVE_VFORK 1
| #define HAVE_WORKING_VFORK 1
| #define HAVE_WORKING_FORK 1
| #define HAVE_STDLIB_H 1
| #define HAVE_UNISTD_H 1
| #define HAVE_SYS_PARAM_H 1
| #define HAVE_GETPAGESIZE 1
| #define HAVE_MMAP 1
| #define HAVE_SYS_WAIT_H 1
| #define HAVE_TIME_H 1
| #define HAVE_FCNTL 1
| #define HAVE_FSYNC 1
| #define HAVE_ATEXIT 1
| #define HAVE_ON_EXIT 1
| #define HAVE_MEMMOVE 1
| #define HAVE_GETWD 1
| #define HAVE_GETCWD 1
| #define STDC_HEADERS 1
| #define HAVE_STDDEF_H 1
| #define HAVE_UNISTD_H 1
| #define HAVE_SYS_PARAM_H 1
| #define HAVE_INTTYPES_H 1
| #define HAVE_DECL_CONFSTR 1
| #define HAVE_DECL_GETWD 0
| #define HAVE_DECL_FSYNC 1
| /* end confdefs.h.  */
| #include <stdio.h>
| #ifdef HAVE_SYS_TYPES_H
| # include <sys/types.h>
| #endif
| #ifdef HAVE_SYS_STAT_H
| # include <sys/stat.h>
| #endif
| #ifdef STDC_HEADERS
| # include <stdlib.h>
| # include <stddef.h>
| #else
| # ifdef HAVE_STDLIB_H
| #  include <stdlib.h>
| # endif
| #endif
| #ifdef HAVE_STRING_H
| # if !defined STDC_HEADERS && defined HAVE_MEMORY_H
| #  include <memory.h>
| # endif
| # include <string.h>
| #endif
| #ifdef HAVE_STRINGS_H
| # include <strings.h>
| #endif
| #ifdef HAVE_INTTYPES_H
| # include <inttypes.h>
| #endif
| #ifdef HAVE_STDINT_H
| # include <stdint.h>
| #endif
| #ifdef HAVE_UNISTD_H
| # include <unistd.h>
| #endif
| #include <crt_externs.h>
configure:16394: result: no
configure:16394: checking crt_externs.h presence
configure:16394: gcc -E -I../includefiles conftest.c
conftest.c:50:25: error: crt_externs.h: No such file or directory
configure:16394: $? = 1
configure: failed program was:
| /* confdefs.h */
| #define PACKAGE_NAME "hds-v4"
| #define PACKAGE_TARNAME "hds-v4"
| #define PACKAGE_VERSION "5.2-1"
| #define PACKAGE_STRING "hds-v4 5.2-1"
| #define PACKAGE_BUGREPORT "starlink@jiscmail.ac.uk"
| #define PACKAGE_URL ""
| #define PACKAGE "hds-v4"
| #define VERSION "5.2-1"
| #define _POSIX_C_SOURCE 200112L
| #define STDC_HEADERS 1
| #define HAVE_SYS_TYPES_H 1
| #define HAVE_SYS_STAT_H 1
| #define HAVE_STDLIB_H 1
| #define HAVE_STRING_H 1
| #define HAVE_MEMORY_H 1
| #define HAVE_STRINGS_H 1
| #define HAVE_INTTYPES_H 1
| #define HAVE_STDINT_H 1
| #define HAVE_UNISTD_H 1
| #define HAVE_DLFCN_H 1
| #define LT_OBJDIR ".libs/"
| #define HAVE_FORK 1
| #define HAVE_VFORK 1
| #define HAVE_WORKING_VFORK 1
| #define HAVE_WORKING_FORK 1
| #define HAVE_STDLIB_H 1
| #define HAVE_UNISTD_H 1
| #define HAVE_SYS_PARAM_H 1
| #define HAVE_GETPAGESIZE 1
| #define HAVE_MMAP 1
| #define HAVE_SYS_WAIT_H 1
| #define HAVE_TIME_H 1
| #define HAVE_FCNTL 1
| #define HAVE_FSYNC 1
| #define HAVE_ATEXIT 1
| #define HAVE_ON_EXIT 1
| #define HAVE_MEMMOVE 1
| #define HAVE_GETWD 1
| #define HAVE_GETCWD 1
| #define STDC_HEADERS 1
| #define HAVE_STDDEF_H 1
| #define HAVE_UNISTD_H 1
| #define HAVE_SYS_PARAM_H 1
| #define HAVE_INTTYPES_H 1
| #define HAVE_DECL_CONFSTR 1
| #define HAVE_DECL_GETWD 0
| #define HAVE_DECL_FSYNC 1
| /* end confdefs.h.  */
| #include <crt_externs.h>
configure:16394: result: no
configure:16394: checking for crt_externs.h
configure:16394: result: no
configure:16406: checking for _NSGetEnviron
configure:16406: gcc -o conftest -g -O2 -I../includefiles  conftest.c  >&5
/tmp/ccEOpKVX.o: In function `main':
/export/data/sgraves/starlink-pyhds/hds-v4-5.2-1/conftest.c:84: undefined reference to `_NSGetEnviron'
collect2: ld returned 1 exit status
configure:16406: $? = 1
configure: failed program was:
| /* confdefs.h */
| #define PACKAGE_NAME "hds-v4"
| #define PACKAGE_TARNAME "hds-v4"
| #define PACKAGE_VERSION "5.2-1"
| #define PACKAGE_STRING "hds-v4 5.2-1"
| #define PACKAGE_BUGREPORT "starlink@jiscmail.ac.uk"
| #define PACKAGE_URL ""
| #define PACKAGE "hds-v4"
| #define VERSION "5.2-1"
| #define _POSIX_C_SOURCE 200112L
| #define STDC_HEADERS 1
| #define HAVE_SYS_TYPES_H 1
| #define HAVE_SYS_STAT_H 1
| #define HAVE_STDLIB_H 1
| #define HAVE_STRING_H 1
| #define HAVE_MEMORY_H 1
| #define HAVE_STRINGS_H 1
| #define HAVE_INTTYPES_H 1
| #define HAVE_STDINT_H 1
| #define HAVE_UNISTD_H 1
| #define HAVE_DLFCN_H 1
| #define LT_OBJDIR ".libs/"
| #define HAVE_FORK 1
| #define HAVE_VFORK 1
| #define HAVE_WORKING_VFORK 1
| #define HAVE_WORKING_FORK 1
| #define HAVE_STDLIB_H 1
| #define HAVE_UNISTD_H 1
| #define HAVE_SYS_PARAM_H 1
| #define HAVE_GETPAGESIZE 1
| #define HAVE_MMAP 1
| #define HAVE_SYS_WAIT_H 1
| #define HAVE_TIME_H 1
| #define HAVE_FCNTL 1
| #define HAVE_FSYNC 1
| #define HAVE_ATEXIT 1
| #define HAVE_ON_EXIT 1
| #define HAVE_MEMMOVE 1
| #define HAVE_GETWD 1
| #define HAVE_GETCWD 1
| #define STDC_HEADERS 1
| #define HAVE_STDDEF_H 1
| #define HAVE_UNISTD_H 1
| #define HAVE_SYS_PARAM_H 1
| #define HAVE_INTTYPES_H 1
| #define HAVE_DECL_CONFSTR 1
| #define HAVE_DECL_GETWD 0
| #define HAVE_DECL_FSYNC 1
| /* end confdefs.h.  */
| /* Define _NSGetEnviron to an innocuous variant, in case <limits.h> declares _NSGetEnviron.
|    For example, HP-UX 11i <limits.h> declares gettimeofday.  */
| #define _NSGetEnviron innocuous__NSGetEnviron
| 
| /* System header to define __stub macros and hopefully few prototypes,
|     which can conflict with char _NSGetEnviron (); below.
|     Prefer <limits.h> to <assert.h> if __STDC__ is defined, since
|     <limits.h> exists even on freestanding compilers.  */
| 
| #ifdef __STDC__
| # include <limits.h>
| #else
| # include <assert.h>
| #endif
| 
| #undef _NSGetEnviron
| 
| /* Override any GCC internal prototype to avoid an error.
|    Use char because int might match the return type of a GCC
|    builtin and then its argument prototype would still apply.  */
| #ifdef __cplusplus
| extern "C"
| #endif
| char _NSGetEnviron ();
| /* The GNU C library defines this for functions which it implements
|     to always fail with ENOSYS.  Some functions are actually named
|     something starting with __ and the normal name is an alias.  */
| #if defined __stub__NSGetEnviron || defined __stub____NSGetEnviron
| choke me
| #endif
| 
| int
| main ()
| {
| return _NSGetEnviron ();
|   ;
|   return 0;
| }
configure:16406: result: no
configure:16424: checking for special C compiler options needed for large files
configure:16469: result: no
configure:16475: checking for _FILE_OFFSET_BITS value needed for large files
configure:16500: gcc -c -g -O2 -I../includefiles conftest.c >&5
configure:16500: $? = 0
configure:16532: result: no
configure:16617: checking for _LARGEFILE_SOURCE value needed for large files
configure:16636: gcc -o conftest -g -O2 -I../includefiles  conftest.c  >&5
configure:16636: $? = 0
configure:16664: result: no
configure:16701: checking for long long int
configure:16701: gcc -c -g -O2 -I../includefiles conftest.c >&5
configure:16701: $? = 0
configure:16701: gcc -c -g -O2 -I../includefiles conftest.c >&5
conftest.c: In function 'main':
conftest.c:87: error: expected expression before ')' token
configure:16701: $? = 1
configure: failed program was:
| /* confdefs.h */
| #define PACKAGE_NAME "hds-v4"
| #define PACKAGE_TARNAME "hds-v4"
| #define PACKAGE_VERSION "5.2-1"
| #define PACKAGE_STRING "hds-v4 5.2-1"
| #define PACKAGE_BUGREPORT "starlink@jiscmail.ac.uk"
| #define PACKAGE_URL ""
| #define PACKAGE "hds-v4"
| #define VERSION "5.2-1"
| #define _POSIX_C_SOURCE 200112L
| #define STDC_HEADERS 1
| #define HAVE_SYS_TYPES_H 1
| #define HAVE_SYS_STAT_H 1
| #define HAVE_STDLIB_H 1
| #define HAVE_STRING_H 1
| #define HAVE_MEMORY_H 1
| #define HAVE_STRINGS_H 1
| #define HAVE_INTTYPES_H 1
| #define HAVE_STDINT_H 1
| #define HAVE_UNISTD_H 1
| #define HAVE_DLFCN_H 1
| #define LT_OBJDIR ".libs/"
| #define HAVE_FORK 1
| #define HAVE_VFORK 1
| #define HAVE_WORKING_VFORK 1
| #define HAVE_WORKING_FORK 1
| #define HAVE_STDLIB_H 1
| #define HAVE_UNISTD_H 1
| #define HAVE_SYS_PARAM_H 1
| #define HAVE_GETPAGESIZE 1
| #define HAVE_MMAP 1
| #define HAVE_SYS_WAIT_H 1
| #define HAVE_TIME_H 1
| #define HAVE_FCNTL 1
| #define HAVE_FSYNC 1
| #define HAVE_ATEXIT 1
| #define HAVE_ON_EXIT 1
| #define HAVE_MEMMOVE 1
| #define HAVE_GETWD 1
| #define HAVE_GETCWD 1
| #define STDC_HEADERS 1
| #define HAVE_STDDEF_H 1
| #define HAVE_UNISTD_H 1
| #define HAVE_SYS_PARAM_H 1
| #define HAVE_INTTYPES_H 1
| #define HAVE_DECL_CONFSTR 1
| #define HAVE_DECL_GETWD 0
| #define HAVE_DECL_FSYNC 1
| #define HAVE_FSEEKO 1
| /* end confdefs.h.  */
| #include <stdio.h>
| #ifdef HAVE_SYS_TYPES_H
| # include <sys/types.h>
| #endif
| #ifdef HAVE_SYS_STAT_H
| # include <sys/stat.h>
| #endif
| #ifdef STDC_HEADERS
| # include <stdlib.h>
| # include <stddef.h>
| #else
| # ifdef HAVE_STDLIB_H
| #  include <stdlib.h>
| # endif
| #endif
| #ifdef HAVE_STRING_H
| # if !defined STDC_HEADERS && defined HAVE_MEMORY_H
| #  include <memory.h>
| # endif
| # include <string.h>
| #endif
| #ifdef HAVE_STRINGS_H
| # include <strings.h>
| #endif
| #ifdef HAVE_INTTYPES_H
| # include <inttypes.h>
| #endif
| #ifdef HAVE_STDINT_H
| # include <stdint.h>
| #endif
| #ifdef HAVE_UNISTD_H
| # include <unistd.h>
| #endif
| int
| main ()
| {
| if (sizeof ((long long int)))
| 	    return 0;
|   ;
|   return 0;
| }
configure:16701: result: yes
configure:16710: checking for int
configure:16710: gcc -c -g -O2 -I../includefiles conftest.c >&5
configure:16710: $? = 0
configure:16710: gcc -c -g -O2 -I../includefiles conftest.c >&5
conftest.c: In function 'main':
conftest.c:88: error: expected expression before ')' token
configure:16710: $? = 1
configure: failed program was:
| /* confdefs.h */
| #define PACKAGE_NAME "hds-v4"
| #define PACKAGE_TARNAME "hds-v4"
| #define PACKAGE_VERSION "5.2-1"
| #define PACKAGE_STRING "hds-v4 5.2-1"
| #define PACKAGE_BUGREPORT "starlink@jiscmail.ac.uk"
| #define PACKAGE_URL ""
| #define PACKAGE "hds-v4"
| #define VERSION "5.2-1"
| #define _POSIX_C_SOURCE 200112L
| #define STDC_HEADERS 1
| #define HAVE_SYS_TYPES_H 1
| #define HAVE_SYS_STAT_H 1
| #define HAVE_STDLIB_H 1
| #define HAVE_STRING_H 1
| #define HAVE_MEMORY_H 1
| #define HAVE_STRINGS_H 1
| #define HAVE_INTTYPES_H 1
| #define HAVE_STDINT_H 1
| #define HAVE_UNISTD_H 1
| #define HAVE_DLFCN_H 1
| #define LT_OBJDIR ".libs/"
| #define HAVE_FORK 1
| #define HAVE_VFORK 1
| #define HAVE_WORKING_VFORK 1
| #define HAVE_WORKING_FORK 1
| #define HAVE_STDLIB_H 1
| #define HAVE_UNISTD_H 1
| #define HAVE_SYS_PARAM_H 1
| #define HAVE_GETPAGESIZE 1
| #define HAVE_MMAP 1
| #define HAVE_SYS_WAIT_H 1
| #define HAVE_TIME_H 1
| #define HAVE_FCNTL 1
| #define HAVE_FSYNC 1
| #define HAVE_ATEXIT 1
| #define HAVE_ON_EXIT 1
| #define HAVE_MEMMOVE 1
| #define HAVE_GETWD 1
| #define HAVE_GETCWD 1
| #define STDC_HEADERS 1
| #define HAVE_STDDEF_H 1
| #define HAVE_UNISTD_H 1
| #define HAVE_SYS_PARAM_H 1
| #define HAVE_INTTYPES_H 1
| #define HAVE_DECL_CONFSTR 1
| #define HAVE_DECL_GETWD 0
| #define HAVE_DECL_FSYNC 1
| #define HAVE_FSEEKO 1
| #define HAVE_LONG_LONG_INT 1
| /* end confdefs.h.  */
| #include <stdio.h>
| #ifdef HAVE_SYS_TYPES_H
| # include <sys/types.h>
| #endif
| #ifdef HAVE_SYS_STAT_H
| # include <sys/stat.h>
| #endif
| #ifdef STDC_HEADERS
| # include <stdlib.h>
| # include <stddef.h>
| #else
| # ifdef HAVE_STDLIB_H
| #  include <stdlib.h>
| # endif
| #endif
| #ifdef HAVE_STRING_H
| # if !defined STDC_HEADERS && defined HAVE_MEMORY_H
| #  include <memory.h>
| # endif
| # include <string.h>
| #endif
| #ifdef HAVE_STRINGS_H
| # include <strings.h>
| #endif
| #ifdef HAVE_INTTYPES_H
| # include <inttypes.h>
| #endif
| #ifdef HAVE_STDINT_H
| # include <stdint.h>
| #endif
| #ifdef HAVE_UNISTD_H
| # include <unistd.h>
| #endif
| int
| main ()
| {
| if (sizeof ((int)))
| 	    return 0;
|   ;
|   return 0;
| }
configure:16710: result: yes
configure:16719: checking for long
configure:16719: gcc -c -g -O2 -I../includefiles conftest.c >&5
configure:16719: $? = 0
configure:16719: gcc -c -g -O2 -I../includefiles conftest.c >&5
conftest.c: In function 'main':
conftest.c:89: error: expected expression before ')' token
configure:16719: $? = 1
configure: failed program was:
| /* confdefs.h */
| #define PACKAGE_NAME "hds-v4"
| #define PACKAGE_TARNAME "hds-v4"
| #define PACKAGE_VERSION "5.2-1"
| #define PACKAGE_STRING "hds-v4 5.2-1"
| #define PACKAGE_BUGREPORT "starlink@jiscmail.ac.uk"
| #define PACKAGE_URL ""
| #define PACKAGE "hds-v4"
| #define VERSION "5.2-1"
| #define _POSIX_C_SOURCE 200112L
| #define STDC_HEADERS 1
| #define HAVE_SYS_TYPES_H 1
| #define HAVE_SYS_STAT_H 1
| #define HAVE_STDLIB_H 1
| #define HAVE_STRING_H 1
| #define HAVE_MEMORY_H 1
| #define HAVE_STRINGS_H 1
| #define HAVE_INTTYPES_H 1
| #define HAVE_STDINT_H 1
| #define HAVE_UNISTD_H 1
| #define HAVE_DLFCN_H 1
| #define LT_OBJDIR ".libs/"
| #define HAVE_FORK 1
| #define HAVE_VFORK 1
| #define HAVE_WORKING_VFORK 1
| #define HAVE_WORKING_FORK 1
| #define HAVE_STDLIB_H 1
| #define HAVE_UNISTD_H 1
| #define HAVE_SYS_PARAM_H 1
| #define HAVE_GETPAGESIZE 1
| #define HAVE_MMAP 1
| #define HAVE_SYS_WAIT_H 1
| #define HAVE_TIME_H 1
| #define HAVE_FCNTL 1
| #define HAVE_FSYNC 1
| #define HAVE_ATEXIT 1
| #define HAVE_ON_EXIT 1
| #define HAVE_MEMMOVE 1
| #define HAVE_GETWD 1
| #define HAVE_GETCWD 1
| #define STDC_HEADERS 1
| #define HAVE_STDDEF_H 1
| #define HAVE_UNISTD_H 1
| #define HAVE_SYS_PARAM_H 1
| #define HAVE_INTTYPES_H 1
| #define HAVE_DECL_CONFSTR 1
| #define HAVE_DECL_GETWD 0
| #define HAVE_DECL_FSYNC 1
| #define HAVE_FSEEKO 1
| #define HAVE_LONG_LONG_INT 1
| #define HAVE_INT 1
| /* end confdefs.h.  */
| #include <stdio.h>
| #ifdef HAVE_SYS_TYPES_H
| # include <sys/types.h>
| #endif
| #ifdef HAVE_SYS_STAT_H
| # include <sys/stat.h>
| #endif
| #ifdef STDC_HEADERS
| # include <stdlib.h>
| # include <stddef.h>
| #else
| # ifdef HAVE_STDLIB_H
| #  include <stdlib.h>
| # endif
| #endif
| #ifdef HAVE_STRING_H
| # if !defined STDC_HEADERS && defined HAVE_MEMORY_H
| #  include <memory.h>
| # endif
| # include <string.h>
| #endif
| #ifdef HAVE_STRINGS_H
| # include <strings.h>
| #endif
| #ifdef HAVE_INTTYPES_H
| # include <inttypes.h>
| #endif
| #ifdef HAVE_STDINT_H
| # include <stdint.h>
| #endif
| #ifdef HAVE_UNISTD_H
| # include <unistd.h>
| #endif
| int
| main ()
| {
| if (sizeof ((long)))
| 	    return 0;
|   ;
|   return 0;
| }
configure:16719: result: yes
configure:16728: checking for long long
configure:16728: gcc -c -g -O2 -I../includefiles conftest.c >&5
configure:16728: $? = 0
configure:16728: gcc -c -g -O2 -I../includefiles conftest.c >&5
conftest.c: In function 'main':
conftest.c:90: error: expected expression before ')' token
configure:16728: $? = 1
configure: failed program was:
| /* confdefs.h */
| #define PACKAGE_NAME "hds-v4"
| #define PACKAGE_TARNAME "hds-v4"
| #define PACKAGE_VERSION "5.2-1"
| #define PACKAGE_STRING "hds-v4 5.2-1"
| #define PACKAGE_BUGREPORT "starlink@jiscmail.ac.uk"
| #define PACKAGE_URL ""
| #define PACKAGE "hds-v4"
| #define VERSION "5.2-1"
| #define _POSIX_C_SOURCE 200112L
| #define STDC_HEADERS 1
| #define HAVE_SYS_TYPES_H 1
| #define HAVE_SYS_STAT_H 1
| #define HAVE_STDLIB_H 1
| #define HAVE_STRING_H 1
| #define HAVE_MEMORY_H 1
| #define HAVE_STRINGS_H 1
| #define HAVE_INTTYPES_H 1
| #define HAVE_STDINT_H 1
| #define HAVE_UNISTD_H 1
| #define HAVE_DLFCN_H 1
| #define LT_OBJDIR ".libs/"
| #define HAVE_FORK 1
| #define HAVE_VFORK 1
| #define HAVE_WORKING_VFORK 1
| #define HAVE_WORKING_FORK 1
| #define HAVE_STDLIB_H 1
| #define HAVE_UNISTD_H 1
| #define HAVE_SYS_PARAM_H 1
| #define HAVE_GETPAGESIZE 1
| #define HAVE_MMAP 1
| #define HAVE_SYS_WAIT_H 1
| #define HAVE_TIME_H 1
| #define HAVE_FCNTL 1
| #define HAVE_FSYNC 1
| #define HAVE_ATEXIT 1
| #define HAVE_ON_EXIT 1
| #define HAVE_MEMMOVE 1
| #define HAVE_GETWD 1
| #define HAVE_GETCWD 1
| #define STDC_HEADERS 1
| #define HAVE_STDDEF_H 1
| #define HAVE_UNISTD_H 1
| #define HAVE_SYS_PARAM_H 1
| #define HAVE_INTTYPES_H 1
| #define HAVE_DECL_CONFSTR 1
| #define HAVE_DECL_GETWD 0
| #define HAVE_DECL_FSYNC 1
| #define HAVE_FSEEKO 1
| #define HAVE_LONG_LONG_INT 1
| #define HAVE_INT 1
| #define HAVE_LONG 1
| /* end confdefs.h.  */
| #include <stdio.h>
| #ifdef HAVE_SYS_TYPES_H
| # include <sys/types.h>
| #endif
| #ifdef HAVE_SYS_STAT_H
| # include <sys/stat.h>
| #endif
| #ifdef STDC_HEADERS
| # include <stdlib.h>
| # include <stddef.h>
| #else
| # ifdef HAVE_STDLIB_H
| #  include <stdlib.h>
| # endif
| #endif
| #ifdef HAVE_STRING_H
| # if !defined STDC_HEADERS && defined HAVE_MEMORY_H
| #  include <memory.h>
| # endif
| # include <string.h>
| #endif
| #ifdef HAVE_STRINGS_H
| # include <strings.h>
| #endif
| #ifdef HAVE_INTTYPES_H
| # include <inttypes.h>
| #endif
| #ifdef HAVE_STDINT_H
| # include <stdint.h>
| #endif
| #ifdef HAVE_UNISTD_H
| # include <unistd.h>
| #endif
| int
| main ()
| {
| if (sizeof ((long long)))
| 	    return 0;
|   ;
|   return 0;
| }
configure:16728: result: yes
configure:16737: checking for off_t
configure:16737: gcc -c -g -O2 -I../includefiles conftest.c >&5
configure:16737: $? = 0
configure:16737: gcc -c -g -O2 -I../includefiles conftest.c >&5
conftest.c: In function 'main':
conftest.c:91: error: expected expression before ')' token
configure:16737: $? = 1
configure: failed program was:
| /* confdefs.h */
| #define PACKAGE_NAME "hds-v4"
| #define PACKAGE_TARNAME "hds-v4"
| #define PACKAGE_VERSION "5.2-1"
| #define PACKAGE_STRING "hds-v4 5.2-1"
| #define PACKAGE_BUGREPORT "starlink@jiscmail.ac.uk"
| #define PACKAGE_URL ""
| #define PACKAGE "hds-v4"
| #define VERSION "5.2-1"
| #define _POSIX_C_SOURCE 200112L
| #define STDC_HEADERS 1
| #define HAVE_SYS_TYPES_H 1
| #define HAVE_SYS_STAT_H 1
| #define HAVE_STDLIB_H 1
| #define HAVE_STRING_H 1
| #define HAVE_MEMORY_H 1
| #define HAVE_STRINGS_H 1
| #define HAVE_INTTYPES_H 1
| #define HAVE_STDINT_H 1
| #define HAVE_UNISTD_H 1
| #define HAVE_DLFCN_H 1
| #define LT_OBJDIR ".libs/"
| #define HAVE_FORK 1
| #define HAVE_VFORK 1
| #define HAVE_WORKING_VFORK 1
| #define HAVE_WORKING_FORK 1
| #define HAVE_STDLIB_H 1
| #define HAVE_UNISTD_H 1
| #define HAVE_SYS_PARAM_H 1
| #define HAVE_GETPAGESIZE 1
| #define HAVE_MMAP 1
| #define HAVE_SYS_WAIT_H 1
| #define HAVE_TIME_H 1
| #define HAVE_FCNTL 1
| #define HAVE_FSYNC 1
| #define HAVE_ATEXIT 1
| #define HAVE_ON_EXIT 1
| #define HAVE_MEMMOVE 1
| #define HAVE_GETWD 1
| #define HAVE_GETCWD 1
| #define STDC_HEADERS 1
| #define HAVE_STDDEF_H 1
| #define HAVE_UNISTD_H 1
| #define HAVE_SYS_PARAM_H 1
| #define HAVE_INTTYPES_H 1
| #define HAVE_DECL_CONFSTR 1
| #define HAVE_DECL_GETWD 0
| #define HAVE_DECL_FSYNC 1
| #define HAVE_FSEEKO 1
| #define HAVE_LONG_LONG_INT 1
| #define HAVE_INT 1
| #define HAVE_LONG 1
| #define HAVE_LONG_LONG 1
| /* end confdefs.h.  */
| #include <stdio.h>
| #ifdef HAVE_SYS_TYPES_H
| # include <sys/types.h>
| #endif
| #ifdef HAVE_SYS_STAT_H
| # include <sys/stat.h>
| #endif
| #ifdef STDC_HEADERS
| # include <stdlib.h>
| # include <stddef.h>
| #else
| # ifdef HAVE_STDLIB_H
| #  include <stdlib.h>
| # endif
| #endif
| #ifdef HAVE_STRING_H
| # if !defined STDC_HEADERS && defined HAVE_MEMORY_H
| #  include <memory.h>
| # endif
| # include <string.h>
| #endif
| #ifdef HAVE_STRINGS_H
| # include <strings.h>
| #endif
| #ifdef HAVE_INTTYPES_H
| # include <inttypes.h>
| #endif
| #ifdef HAVE_STDINT_H
| # include <stdint.h>
| #endif
| #ifdef HAVE_UNISTD_H
| # include <unistd.h>
| #endif
| int
| main ()
| {
| if (sizeof ((off_t)))
| 	    return 0;
|   ;
|   return 0;
| }
configure:16737: result: yes
configure:16746: checking for int64_t
configure:16746: gcc -c -g -O2 -I../includefiles conftest.c >&5
configure:16746: $? = 0
configure:16746: gcc -c -g -O2 -I../includefiles conftest.c >&5
conftest.c: In function 'main':
conftest.c:92: error: expected expression before ')' token
configure:16746: $? = 1
configure: failed program was:
| /* confdefs.h */
| #define PACKAGE_NAME "hds-v4"
| #define PACKAGE_TARNAME "hds-v4"
| #define PACKAGE_VERSION "5.2-1"
| #define PACKAGE_STRING "hds-v4 5.2-1"
| #define PACKAGE_BUGREPORT "starlink@jiscmail.ac.uk"
| #define PACKAGE_URL ""
| #define PACKAGE "hds-v4"
| #define VERSION "5.2-1"
| #define _POSIX_C_SOURCE 200112L
| #define STDC_HEADERS 1
| #define HAVE_SYS_TYPES_H 1
| #define HAVE_SYS_STAT_H 1
| #define HAVE_STDLIB_H 1
| #define HAVE_STRING_H 1
| #define HAVE_MEMORY_H 1
| #define HAVE_STRINGS_H 1
| #define HAVE_INTTYPES_H 1
| #define HAVE_STDINT_H 1
| #define HAVE_UNISTD_H 1
| #define HAVE_DLFCN_H 1
| #define LT_OBJDIR ".libs/"
| #define HAVE_FORK 1
| #define HAVE_VFORK 1
| #define HAVE_WORKING_VFORK 1
| #define HAVE_WORKING_FORK 1
| #define HAVE_STDLIB_H 1
| #define HAVE_UNISTD_H 1
| #define HAVE_SYS_PARAM_H 1
| #define HAVE_GETPAGESIZE 1
| #define HAVE_MMAP 1
| #define HAVE_SYS_WAIT_H 1
| #define HAVE_TIME_H 1
| #define HAVE_FCNTL 1
| #define HAVE_FSYNC 1
| #define HAVE_ATEXIT 1
| #define HAVE_ON_EXIT 1
| #define HAVE_MEMMOVE 1
| #define HAVE_GETWD 1
| #define HAVE_GETCWD 1
| #define STDC_HEADERS 1
| #define HAVE_STDDEF_H 1
| #define HAVE_UNISTD_H 1
| #define HAVE_SYS_PARAM_H 1
| #define HAVE_INTTYPES_H 1
| #define HAVE_DECL_CONFSTR 1
| #define HAVE_DECL_GETWD 0
| #define HAVE_DECL_FSYNC 1
| #define HAVE_FSEEKO 1
| #define HAVE_LONG_LONG_INT 1
| #define HAVE_INT 1
| #define HAVE_LONG 1
| #define HAVE_LONG_LONG 1
| #define HAVE_OFF_T 1
| /* end confdefs.h.  */
| #include <stdio.h>
| #ifdef HAVE_SYS_TYPES_H
| # include <sys/types.h>
| #endif
| #ifdef HAVE_SYS_STAT_H
| # include <sys/stat.h>
| #endif
| #ifdef STDC_HEADERS
| # include <stdlib.h>
| # include <stddef.h>
| #else
| # ifdef HAVE_STDLIB_H
| #  include <stdlib.h>
| # endif
| #endif
| #ifdef HAVE_STRING_H
| # if !defined STDC_HEADERS && defined HAVE_MEMORY_H
| #  include <memory.h>
| # endif
| # include <string.h>
| #endif
| #ifdef HAVE_STRINGS_H
| # include <strings.h>
| #endif
| #ifdef HAVE_INTTYPES_H
| # include <inttypes.h>
| #endif
| #ifdef HAVE_STDINT_H
| # include <stdint.h>
| #endif
| #ifdef HAVE_UNISTD_H
| # include <unistd.h>
| #endif
| int
| main ()
| {
| if (sizeof ((int64_t)))
| 	    return 0;
|   ;
|   return 0;
| }
configure:16746: result: yes
configure:16756: checking for uint64_t
configure:16756: gcc -c -g -O2 -I../includefiles conftest.c >&5
configure:16756: $? = 0
configure:16756: gcc -c -g -O2 -I../includefiles conftest.c >&5
conftest.c: In function 'main':
conftest.c:93: error: expected expression before ')' token
configure:16756: $? = 1
configure: failed program was:
| /* confdefs.h */
| #define PACKAGE_NAME "hds-v4"
| #define PACKAGE_TARNAME "hds-v4"
| #define PACKAGE_VERSION "5.2-1"
| #define PACKAGE_STRING "hds-v4 5.2-1"
| #define PACKAGE_BUGREPORT "starlink@jiscmail.ac.uk"
| #define PACKAGE_URL ""
| #define PACKAGE "hds-v4"
| #define VERSION "5.2-1"
| #define _POSIX_C_SOURCE 200112L
| #define STDC_HEADERS 1
| #define HAVE_SYS_TYPES_H 1
| #define HAVE_SYS_STAT_H 1
| #define HAVE_STDLIB_H 1
| #define HAVE_STRING_H 1
| #define HAVE_MEMORY_H 1
| #define HAVE_STRINGS_H 1
| #define HAVE_INTTYPES_H 1
| #define HAVE_STDINT_H 1
| #define HAVE_UNISTD_H 1
| #define HAVE_DLFCN_H 1
| #define LT_OBJDIR ".libs/"
| #define HAVE_FORK 1
| #define HAVE_VFORK 1
| #define HAVE_WORKING_VFORK 1
| #define HAVE_WORKING_FORK 1
| #define HAVE_STDLIB_H 1
| #define HAVE_UNISTD_H 1
| #define HAVE_SYS_PARAM_H 1
| #define HAVE_GETPAGESIZE 1
| #define HAVE_MMAP 1
| #define HAVE_SYS_WAIT_H 1
| #define HAVE_TIME_H 1
| #define HAVE_FCNTL 1
| #define HAVE_FSYNC 1
| #define HAVE_ATEXIT 1
| #define HAVE_ON_EXIT 1
| #define HAVE_MEMMOVE 1
| #define HAVE_GETWD 1
| #define HAVE_GETCWD 1
| #define STDC_HEADERS 1
| #define HAVE_STDDEF_H 1
| #define HAVE_UNISTD_H 1
| #define HAVE_SYS_PARAM_H 1
| #define HAVE_INTTYPES_H 1
| #define HAVE_DECL_CONFSTR 1
| #define HAVE_DECL_GETWD 0
| #define HAVE_DECL_FSYNC 1
| #define HAVE_FSEEKO 1
| #define HAVE_LONG_LONG_INT 1
| #define HAVE_INT 1
| #define HAVE_LONG 1
| #define HAVE_LONG_LONG 1
| #define HAVE_OFF_T 1
| #define HAVE_INT64_T 1
| /* end confdefs.h.  */
| #include <stdio.h>
| #ifdef HAVE_SYS_TYPES_H
| # include <sys/types.h>
| #endif
| #ifdef HAVE_SYS_STAT_H
| # include <sys/stat.h>
| #endif
| #ifdef STDC_HEADERS
| # include <stdlib.h>
| # include <stddef.h>
| #else
| # ifdef HAVE_STDLIB_H
| #  include <stdlib.h>
| # endif
| #endif
| #ifdef HAVE_STRING_H
| # if !defined STDC_HEADERS && defined HAVE_MEMORY_H
| #  include <memory.h>
| # endif
| # include <string.h>
| #endif
| #ifdef HAVE_STRINGS_H
| # include <strings.h>
| #endif
| #ifdef HAVE_INTTYPES_H
| # include <inttypes.h>
| #endif
| #ifdef HAVE_STDINT_H
| # include <stdint.h>
| #endif
| #ifdef HAVE_UNISTD_H
| # include <unistd.h>
| #endif
| int
| main ()
| {
| if (sizeof ((uint64_t)))
| 	    return 0;
|   ;
|   return 0;
| }
configure:16756: result: yes
configure:16765: checking for int32_t
configure:16765: gcc -c -g -O2 -I../includefiles conftest.c >&5
configure:16765: $? = 0
configure:16765: gcc -c -g -O2 -I../includefiles conftest.c >&5
conftest.c: In function 'main':
conftest.c:94: error: expected expression before ')' token
configure:16765: $? = 1
configure: failed program was:
| /* confdefs.h */
| #define PACKAGE_NAME "hds-v4"
| #define PACKAGE_TARNAME "hds-v4"
| #define PACKAGE_VERSION "5.2-1"
| #define PACKAGE_STRING "hds-v4 5.2-1"
| #define PACKAGE_BUGREPORT "starlink@jiscmail.ac.uk"
| #define PACKAGE_URL ""
| #define PACKAGE "hds-v4"
| #define VERSION "5.2-1"
| #define _POSIX_C_SOURCE 200112L
| #define STDC_HEADERS 1
| #define HAVE_SYS_TYPES_H 1
| #define HAVE_SYS_STAT_H 1
| #define HAVE_STDLIB_H 1
| #define HAVE_STRING_H 1
| #define HAVE_MEMORY_H 1
| #define HAVE_STRINGS_H 1
| #define HAVE_INTTYPES_H 1
| #define HAVE_STDINT_H 1
| #define HAVE_UNISTD_H 1
| #define HAVE_DLFCN_H 1
| #define LT_OBJDIR ".libs/"
| #define HAVE_FORK 1
| #define HAVE_VFORK 1
| #define HAVE_WORKING_VFORK 1
| #define HAVE_WORKING_FORK 1
| #define HAVE_STDLIB_H 1
| #define HAVE_UNISTD_H 1
| #define HAVE_SYS_PARAM_H 1
| #define HAVE_GETPAGESIZE 1
| #define HAVE_MMAP 1
| #define HAVE_SYS_WAIT_H 1
| #define HAVE_TIME_H 1
| #define HAVE_FCNTL 1
| #define HAVE_FSYNC 1
| #define HAVE_ATEXIT 1
| #define HAVE_ON_EXIT 1
| #define HAVE_MEMMOVE 1
| #define HAVE_GETWD 1
| #define HAVE_GETCWD 1
| #define STDC_HEADERS 1
| #define HAVE_STDDEF_H 1
| #define HAVE_UNISTD_H 1
| #define HAVE_SYS_PARAM_H 1
| #define HAVE_INTTYPES_H 1
| #define HAVE_DECL_CONFSTR 1
| #define HAVE_DECL_GETWD 0
| #define HAVE_DECL_FSYNC 1
| #define HAVE_FSEEKO 1
| #define HAVE_LONG_LONG_INT 1
| #define HAVE_INT 1
| #define HAVE_LONG 1
| #define HAVE_LONG_LONG 1
| #define HAVE_OFF_T 1
| #define HAVE_INT64_T 1
| #define HAVE_UINT64_T 1
| /* end confdefs.h.  */
| #include <stdio.h>
| #ifdef HAVE_SYS_TYPES_H
| # include <sys/types.h>
| #endif
| #ifdef HAVE_SYS_STAT_H
| # include <sys/stat.h>
| #endif
| #ifdef STDC_HEADERS
| # include <stdlib.h>
| # include <stddef.h>
| #else
| # ifdef HAVE_STDLIB_H
| #  include <stdlib.h>
| # endif
| #endif
| #ifdef HAVE_STRING_H
| # if !defined STDC_HEADERS && defined HAVE_MEMORY_H
| #  include <memory.h>
| # endif
| # include <string.h>
| #endif
| #ifdef HAVE_STRINGS_H
| # include <strings.h>
| #endif
| #ifdef HAVE_INTTYPES_H
| # include <inttypes.h>
| #endif
| #ifdef HAVE_STDINT_H
| # include <stdint.h>
| #endif
| #ifdef HAVE_UNISTD_H
| # include <unistd.h>
| #endif
| int
| main ()
| {
| if (sizeof ((int32_t)))
| 	    return 0;
|   ;
|   return 0;
| }
configure:16765: result: yes
configure:16774: checking for uint32_t
configure:16774: gcc -c -g -O2 -I../includefiles conftest.c >&5
configure:16774: $? = 0
configure:16774: gcc -c -g -O2 -I../includefiles conftest.c >&5
conftest.c: In function 'main':
conftest.c:95: error: expected expression before ')' token
configure:16774: $? = 1
configure: failed program was:
| /* confdefs.h */
| #define PACKAGE_NAME "hds-v4"
| #define PACKAGE_TARNAME "hds-v4"
| #define PACKAGE_VERSION "5.2-1"
| #define PACKAGE_STRING "hds-v4 5.2-1"
| #define PACKAGE_BUGREPORT "starlink@jiscmail.ac.uk"
| #define PACKAGE_URL ""
| #define PACKAGE "hds-v4"
| #define VERSION "5.2-1"
| #define _POSIX_C_SOURCE 200112L
| #define STDC_HEADERS 1
| #define HAVE_SYS_TYPES_H 1
| #define HAVE_SYS_STAT_H 1
| #define HAVE_STDLIB_H 1
| #define HAVE_STRING_H 1
| #define HAVE_MEMORY_H 1
| #define HAVE_STRINGS_H 1
| #define HAVE_INTTYPES_H 1
| #define HAVE_STDINT_H 1
| #define HAVE_UNISTD_H 1
| #define HAVE_DLFCN_H 1
| #define LT_OBJDIR ".libs/"
| #define HAVE_FORK 1
| #define HAVE_VFORK 1
| #define HAVE_WORKING_VFORK 1
| #define HAVE_WORKING_FORK 1
| #define HAVE_STDLIB_H 1
| #define HAVE_UNISTD_H 1
| #define HAVE_SYS_PARAM_H 1
| #define HAVE_GETPAGESIZE 1
| #define HAVE_MMAP 1
| #define HAVE_SYS_WAIT_H 1
| #define HAVE_TIME_H 1
| #define HAVE_FCNTL 1
| #define HAVE_FSYNC 1
| #define HAVE_ATEXIT 1
| #define HAVE_ON_EXIT 1
| #define HAVE_MEMMOVE 1
| #define HAVE_GETWD 1
| #define HAVE_GETCWD 1
| #define STDC_HEADERS 1
| #define HAVE_STDDEF_H 1
| #define HAVE_UNISTD_H 1
| #define HAVE_SYS_PARAM_H 1
| #define HAVE_INTTYPES_H 1
| #define HAVE_DECL_CONFSTR 1
| #define HAVE_DECL_GETWD 0
| #define HAVE_DECL_FSYNC 1
| #define HAVE_FSEEKO 1
| #define HAVE_LONG_LONG_INT 1
| #define HAVE_INT 1
| #define HAVE_LONG 1
| #define HAVE_LONG_LONG 1
| #define HAVE_OFF_T 1
| #define HAVE_INT64_T 1
| #define HAVE_UINT64_T 1
| #define HAVE_INT32_T 1
| /* end confdefs.h.  */
| #include <stdio.h>
| #ifdef HAVE_SYS_TYPES_H
| # include <sys/types.h>
| #endif
| #ifdef HAVE_SYS_STAT_H
| # include <sys/stat.h>
| #endif
| #ifdef STDC_HEADERS
| # include <stdlib.h>
| # include <stddef.h>
| #else
| # ifdef HAVE_STDLIB_H
| #  include <stdlib.h>
| # endif
| #endif
| #ifdef HAVE_STRING_H
| # if !defined STDC_HEADERS && defined HAVE_MEMORY_H
| #  include <memory.h>
| # endif
| # include <string.h>
| #endif
| #ifdef HAVE_STRINGS_H
| # include <strings.h>
| #endif
| #ifdef HAVE_INTTYPES_H
| # include <inttypes.h>
| #endif
| #ifdef HAVE_STDINT_H
| # include <stdint.h>
| #endif
| #ifdef HAVE_UNISTD_H
| # include <unistd.h>
| #endif
| int
| main ()
| {
| if (sizeof ((uint32_t)))
| 	    return 0;
|   ;
|   return 0;
| }
configure:16774: result: yes
configure:16783: checking for long double
configure:16783: gcc -c -g -O2 -I../includefiles conftest.c >&5
configure:16783: $? = 0
configure:16783: gcc -c -g -O2 -I../includefiles conftest.c >&5
conftest.c: In function 'main':
conftest.c:96: error: expected expression before ')' token
configure:16783: $? = 1
configure: failed program was:
| /* confdefs.h */
| #define PACKAGE_NAME "hds-v4"
| #define PACKAGE_TARNAME "hds-v4"
| #define PACKAGE_VERSION "5.2-1"
| #define PACKAGE_STRING "hds-v4 5.2-1"
| #define PACKAGE_BUGREPORT "starlink@jiscmail.ac.uk"
| #define PACKAGE_URL ""
| #define PACKAGE "hds-v4"
| #define VERSION "5.2-1"
| #define _POSIX_C_SOURCE 200112L
| #define STDC_HEADERS 1
| #define HAVE_SYS_TYPES_H 1
| #define HAVE_SYS_STAT_H 1
| #define HAVE_STDLIB_H 1
| #define HAVE_STRING_H 1
| #define HAVE_MEMORY_H 1
| #define HAVE_STRINGS_H 1
| #define HAVE_INTTYPES_H 1
| #define HAVE_STDINT_H 1
| #define HAVE_UNISTD_H 1
| #define HAVE_DLFCN_H 1
| #define LT_OBJDIR ".libs/"
| #define HAVE_FORK 1
| #define HAVE_VFORK 1
| #define HAVE_WORKING_VFORK 1
| #define HAVE_WORKING_FORK 1
| #define HAVE_STDLIB_H 1
| #define HAVE_UNISTD_H 1
| #define HAVE_SYS_PARAM_H 1
| #define HAVE_GETPAGESIZE 1
| #define HAVE_MMAP 1
| #define HAVE_SYS_WAIT_H 1
| #define HAVE_TIME_H 1
| #define HAVE_FCNTL 1
| #define HAVE_FSYNC 1
| #define HAVE_ATEXIT 1
| #define HAVE_ON_EXIT 1
| #define HAVE_MEMMOVE 1
| #define HAVE_GETWD 1
| #define HAVE_GETCWD 1
| #define STDC_HEADERS 1
| #define HAVE_STDDEF_H 1
| #define HAVE_UNISTD_H 1
| #define HAVE_SYS_PARAM_H 1
| #define HAVE_INTTYPES_H 1
| #define HAVE_DECL_CONFSTR 1
| #define HAVE_DECL_GETWD 0
| #define HAVE_DECL_FSYNC 1
| #define HAVE_FSEEKO 1
| #define HAVE_LONG_LONG_INT 1
| #define HAVE_INT 1
| #define HAVE_LONG 1
| #define HAVE_LONG_LONG 1
| #define HAVE_OFF_T 1
| #define HAVE_INT64_T 1
| #define HAVE_UINT64_T 1
| #define HAVE_INT32_T 1
| #define HAVE_UINT32_T 1
| /* end confdefs.h.  */
| #include <stdio.h>
| #ifdef HAVE_SYS_TYPES_H
| # include <sys/types.h>
| #endif
| #ifdef HAVE_SYS_STAT_H
| # include <sys/stat.h>
| #endif
| #ifdef STDC_HEADERS
| # include <stdlib.h>
| # include <stddef.h>
| #else
| # ifdef HAVE_STDLIB_H
| #  include <stdlib.h>
| # endif
| #endif
| #ifdef HAVE_STRING_H
| # if !defined STDC_HEADERS && defined HAVE_MEMORY_H
| #  include <memory.h>
| # endif
| # include <string.h>
| #endif
| #ifdef HAVE_STRINGS_H
| # include <strings.h>
| #endif
| #ifdef HAVE_INTTYPES_H
| # include <inttypes.h>
| #endif
| #ifdef HAVE_STDINT_H
| # include <stdint.h>
| #endif
| #ifdef HAVE_UNISTD_H
| # include <unistd.h>
| #endif
| int
| main ()
| {
| if (sizeof ((long double)))
| 	    return 0;
|   ;
|   return 0;
| }
configure:16783: result: yes
configure:16792: checking for signed char
configure:16792: gcc -c -g -O2 -I../includefiles conftest.c >&5
configure:16792: $? = 0
configure:16792: gcc -c -g -O2 -I../includefiles conftest.c >&5
conftest.c: In function 'main':
conftest.c:97: error: expected expression before ')' token
configure:16792: $? = 1
configure: failed program was:
| /* confdefs.h */
| #define PACKAGE_NAME "hds-v4"
| #define PACKAGE_TARNAME "hds-v4"
| #define PACKAGE_VERSION "5.2-1"
| #define PACKAGE_STRING "hds-v4 5.2-1"
| #define PACKAGE_BUGREPORT "starlink@jiscmail.ac.uk"
| #define PACKAGE_URL ""
| #define PACKAGE "hds-v4"
| #define VERSION "5.2-1"
| #define _POSIX_C_SOURCE 200112L
| #define STDC_HEADERS 1
| #define HAVE_SYS_TYPES_H 1
| #define HAVE_SYS_STAT_H 1
| #define HAVE_STDLIB_H 1
| #define HAVE_STRING_H 1
| #define HAVE_MEMORY_H 1
| #define HAVE_STRINGS_H 1
| #define HAVE_INTTYPES_H 1
| #define HAVE_STDINT_H 1
| #define HAVE_UNISTD_H 1
| #define HAVE_DLFCN_H 1
| #define LT_OBJDIR ".libs/"
| #define HAVE_FORK 1
| #define HAVE_VFORK 1
| #define HAVE_WORKING_VFORK 1
| #define HAVE_WORKING_FORK 1
| #define HAVE_STDLIB_H 1
| #define HAVE_UNISTD_H 1
| #define HAVE_SYS_PARAM_H 1
| #define HAVE_GETPAGESIZE 1
| #define HAVE_MMAP 1
| #define HAVE_SYS_WAIT_H 1
| #define HAVE_TIME_H 1
| #define HAVE_FCNTL 1
| #define HAVE_FSYNC 1
| #define HAVE_ATEXIT 1
| #define HAVE_ON_EXIT 1
| #define HAVE_MEMMOVE 1
| #define HAVE_GETWD 1
| #define HAVE_GETCWD 1
| #define STDC_HEADERS 1
| #define HAVE_STDDEF_H 1
| #define HAVE_UNISTD_H 1
| #define HAVE_SYS_PARAM_H 1
| #define HAVE_INTTYPES_H 1
| #define HAVE_DECL_CONFSTR 1
| #define HAVE_DECL_GETWD 0
| #define HAVE_DECL_FSYNC 1
| #define HAVE_FSEEKO 1
| #define HAVE_LONG_LONG_INT 1
| #define HAVE_INT 1
| #define HAVE_LONG 1
| #define HAVE_LONG_LONG 1
| #define HAVE_OFF_T 1
| #define HAVE_INT64_T 1
| #define HAVE_UINT64_T 1
| #define HAVE_INT32_T 1
| #define HAVE_UINT32_T 1
| #define HAVE_LONG_DOUBLE 1
| /* end confdefs.h.  */
| #include <stdio.h>
| #ifdef HAVE_SYS_TYPES_H
| # include <sys/types.h>
| #endif
| #ifdef HAVE_SYS_STAT_H
| # include <sys/stat.h>
| #endif
| #ifdef STDC_HEADERS
| # include <stdlib.h>
| # include <stddef.h>
| #else
| # ifdef HAVE_STDLIB_H
| #  include <stdlib.h>
| # endif
| #endif
| #ifdef HAVE_STRING_H
| # if !defined STDC_HEADERS && defined HAVE_MEMORY_H
| #  include <memory.h>
| # endif
| # include <string.h>
| #endif
| #ifdef HAVE_STRINGS_H
| # include <strings.h>
| #endif
| #ifdef HAVE_INTTYPES_H
| # include <inttypes.h>
| #endif
| #ifdef HAVE_STDINT_H
| # include <stdint.h>
| #endif
| #ifdef HAVE_UNISTD_H
| # include <unistd.h>
| #endif
| int
| main ()
| {
| if (sizeof ((signed char)))
| 	    return 0;
|   ;
|   return 0;
| }
configure:16792: result: yes
configure:16807: checking size of int
configure:16812: gcc -o conftest -g -O2 -I../includefiles  conftest.c  >&5
configure:16812: $? = 0
configure:16812: ./conftest
configure:16812: $? = 0
configure:16826: result: 4
configure:16840: checking size of long
configure:16845: gcc -o conftest -g -O2 -I../includefiles  conftest.c  >&5
configure:16845: $? = 0
configure:16845: ./conftest
configure:16845: $? = 0
configure:16859: result: 8
configure:16873: checking size of long long
configure:16878: gcc -o conftest -g -O2 -I../includefiles  conftest.c  >&5
configure:16878: $? = 0
configure:16878: ./conftest
configure:16878: $? = 0
configure:16892: result: 8
configure:16906: checking size of long double
configure:16911: gcc -o conftest -g -O2 -I../includefiles  conftest.c  >&5
configure:16911: $? = 0
configure:16911: ./conftest
configure:16911: $? = 0
configure:16925: result: 16
configure:16939: checking size of off_t
configure:16944: gcc -o conftest -g -O2 -I../includefiles  conftest.c  >&5
configure:16944: $? = 0
configure:16944: ./conftest
configure:16944: $? = 0
configure:16958: result: 8
configure:16972: checking size of size_t
configure:16977: gcc -o conftest -g -O2 -I../includefiles  conftest.c  >&5
configure:16977: $? = 0
configure:16977: ./conftest
configure:16977: $? = 0
configure:16991: result: 8
configure:17031: found predist marker file dat_err.msg
configure:17042: in pre-distribution state
configure:17075: checking for messgen
configure:17107: result: messgen
configure:17233: checking that generated files are newer than configure
configure:17239: result: done
configure:17267: creating ./config.status

## ---------------------- ##
## Running config.status. ##
## ---------------------- ##

This file was extended by hds-v4 config.status 5.2-1, which was
generated by Starlink Autoconf 2.69.  Invocation command line was

  CONFIG_FILES    = 
  CONFIG_HEADERS  = 
  CONFIG_LINKS    = 
  CONFIG_COMMANDS = 
  $ ./config.status 

on kapili

config.status:1216: creating Makefile
config.status:1216: creating component.xml
config.status:1216: creating config.h
config.status:1445: executing depfiles commands
config.status:1445: executing libtool commands

## ---------------- ##
## Cache variables. ##
## ---------------- ##

ac_cv_build=x86_64-pc-linux-gnu
ac_cv_c_bigendian=no
ac_cv_c_compiler_gnu=yes
ac_cv_env_CC_set=
ac_cv_env_CC_value=
ac_cv_env_CFLAGS_set=
ac_cv_env_CFLAGS_value=
ac_cv_env_CPPFLAGS_set=set
ac_cv_env_CPPFLAGS_value=-I../includefiles
ac_cv_env_CPP_set=
ac_cv_env_CPP_value=
ac_cv_env_FCFLAGS_set=
ac_cv_env_FCFLAGS_value=
ac_cv_env_FC_set=
ac_cv_env_FC_value=
ac_cv_env_LDFLAGS_set=
ac_cv_env_LDFLAGS_value=
ac_cv_env_LIBS_set=
ac_cv_env_LIBS_value=
ac_cv_env_MESSGEN_set=
ac_cv_env_MESSGEN_value=
ac_cv_env_STARLINK_set=
ac_cv_env_STARLINK_value=
ac_cv_env_build_alias_set=
ac_cv_env_build_alias_value=
ac_cv_env_host_alias_set=
ac_cv_env_host_alias_value=
ac_cv_env_target_alias_set=
ac_cv_env_target_alias_value=
ac_cv_fc_compiler_gnu=yes
ac_cv_func__NSGetEnviron=no
ac_cv_func_atexit=yes
ac_cv_func_fcntl=yes
ac_cv_func_fork=yes
ac_cv_func_fork_works=yes
ac_cv_func_fsync=yes
ac_cv_func_getcwd=yes
ac_cv_func_getpagesize=yes
ac_cv_func_getwd=yes
ac_cv_func_memmove=yes
ac_cv_func_mmap_fixed_mapped=yes
ac_cv_func_on_exit=yes
ac_cv_func_vfork=yes
ac_cv_func_vfork_works=yes
ac_cv_have_decl_confstr=yes
ac_cv_have_decl_fsync=yes
ac_cv_have_decl_getwd=no
ac_cv_header_crt_externs_h=no
ac_cv_header_dlfcn_h=yes
ac_cv_header_inttypes_h=yes
ac_cv_header_memory_h=yes
ac_cv_header_stdc=yes
ac_cv_header_stddef_h=yes
ac_cv_header_stdint_h=yes
ac_cv_header_stdlib_h=yes
ac_cv_header_string_h=yes
ac_cv_header_strings_h=yes
ac_cv_header_sys_param_h=yes
ac_cv_header_sys_stat_h=yes
ac_cv_header_sys_types_h=yes
ac_cv_header_sys_wait_h=yes
ac_cv_header_time_h=yes
ac_cv_header_unistd_h=yes
ac_cv_header_vfork_h=no
ac_cv_host=x86_64-pc-linux-gnu
ac_cv_objext=o
ac_cv_path_EGREP='/bin/grep -E'
ac_cv_path_FGREP='/bin/grep -F'
ac_cv_path_GIT=/usr/bin/git
ac_cv_path_GREP=/bin/grep
ac_cv_path_MESSGEN=messgen
ac_cv_path_PAX=/usr/bin/pax
ac_cv_path_SED=/bin/sed
ac_cv_path_TAR=/bin/tar
ac_cv_path_install='/usr/bin/install -c'
ac_cv_path_mkdir=/bin/mkdir
ac_cv_prog_AWK=gawk
ac_cv_prog_CPP='gcc -E'
ac_cv_prog_ac_ct_AR=ar
ac_cv_prog_ac_ct_CC=gcc
ac_cv_prog_ac_ct_FC=gfortran
ac_cv_prog_ac_ct_OBJDUMP=objdump
ac_cv_prog_ac_ct_RANLIB=ranlib
ac_cv_prog_ac_ct_STRIP=strip
ac_cv_prog_cc_c89=
ac_cv_prog_cc_g=yes
ac_cv_prog_fc_g=yes
ac_cv_prog_make_make_set=yes
ac_cv_sizeof_int=4
ac_cv_sizeof_long=8
ac_cv_sizeof_long_double=16
ac_cv_sizeof_long_long=8
ac_cv_sizeof_off_t=8
ac_cv_sizeof_size_t=8
ac_cv_sys_file_offset_bits=no
ac_cv_sys_largefile_CC=no
ac_cv_sys_largefile_source=no
ac_cv_type_int32_t=yes
ac_cv_type_int64_t=yes
ac_cv_type_int=yes
ac_cv_type_long=yes
ac_cv_type_long_double=yes
ac_cv_type_long_long=yes
ac_cv_type_long_long_int=yes
ac_cv_type_off_t=yes
ac_cv_type_pid_t=yes
ac_cv_type_signed_char=yes
ac_cv_type_uint32_t=yes
ac_cv_type_uint64_t=yes
am_cv_CC_dependencies_compiler_type=gcc3
am_cv_make_support_nested_variables=yes
am_cv_prog_cc_c_o=yes
lt_cv_ar_at_file=@
lt_cv_archive_cmds_need_lc=no
lt_cv_deplibs_check_method=pass_all
lt_cv_file_magic_cmd='$MAGIC_CMD'
lt_cv_file_magic_test_file=
lt_cv_ld_reload_flag=-r
lt_cv_nm_interface='BSD nm'
lt_cv_objdir=.libs
lt_cv_path_LD=/usr/bin/ld
lt_cv_path_NM='/usr/bin/nm -B'
lt_cv_path_mainfest_tool=no
lt_cv_prog_compiler_c_o=yes
lt_cv_prog_compiler_c_o_FC=yes
lt_cv_prog_compiler_pic='-fPIC -DPIC'
lt_cv_prog_compiler_pic_FC=-fPIC
lt_cv_prog_compiler_pic_works=yes
lt_cv_prog_compiler_pic_works_FC=yes
lt_cv_prog_compiler_rtti_exceptions=no
lt_cv_prog_compiler_static_works=no
lt_cv_prog_compiler_static_works_FC=no
lt_cv_prog_gnu_ld=yes
lt_cv_sharedlib_from_linklib_cmd='printf %s\n'
lt_cv_shlibpath_overrides_runpath=no
lt_cv_sys_global_symbol_pipe='sed -n -e '\''s/^.*[	 ]\([ABCDGIRSTW][ABCDGIRSTW]*\)[	 ][	 ]*\([_A-Za-z][_A-Za-z0-9]*\)$/\1 \2 \2/p'\'' | sed '\''/ __gnu_lto/d'\'''
lt_cv_sys_global_symbol_to_c_name_address='sed -n -e '\''s/^: \([^ ]*\)[ ]*$/  {\"\1\", (void *) 0},/p'\'' -e '\''s/^[ABCDGIRSTW]* \([^ ]*\) \([^ ]*\)$/  {"\2", (void *) \&\2},/p'\'''
lt_cv_sys_global_symbol_to_c_name_address_lib_prefix='sed -n -e '\''s/^: \([^ ]*\)[ ]*$/  {\"\1\", (void *) 0},/p'\'' -e '\''s/^[ABCDGIRSTW]* \([^ ]*\) \(lib[^ ]*\)$/  {"\2", (void *) \&\2},/p'\'' -e '\''s/^[ABCDGIRSTW]* \([^ ]*\) \([^ ]*\)$/  {"lib\2", (void *) \&\2},/p'\'''
lt_cv_sys_global_symbol_to_cdecl='sed -n -e '\''s/^T .* \(.*\)$/extern int \1();/p'\'' -e '\''s/^[ABCDGIRSTW]* .* \(.*\)$/extern char \1;/p'\'''
lt_cv_sys_max_cmd_len=1966080
lt_cv_to_host_file_cmd=func_convert_file_noop
lt_cv_to_tool_file_cmd=func_convert_file_noop
star_cv_cnf_compatible_symbols=

## ----------------- ##
## Output variables. ##
## ----------------- ##

ACLOCAL='${SHELL} /export/data/sgraves/starlink-pyhds/hds-v4-5.2-1/build-aux/missing aclocal-1.14'
AMDEPBACKSLASH='\'
AMDEP_FALSE='#'
AMDEP_TRUE=''
AMTAR='$${TAR-tar}'
AM_BACKSLASH='\'
AM_DEFAULT_V='$(AM_DEFAULT_VERBOSITY)'
AM_DEFAULT_VERBOSITY='1'
AM_V='$(V)'
AR='ar'
AUTOCONF='${SHELL} /export/data/sgraves/starlink-pyhds/hds-v4-5.2-1/build-aux/missing autoconf'
AUTOHEADER='${SHELL} /export/data/sgraves/starlink-pyhds/hds-v4-5.2-1/build-aux/missing autoheader'
AUTOMAKE='${SHELL} /export/data/sgraves/starlink-pyhds/hds-v4-5.2-1/build-aux/missing automake-1.14'
AWK='gawk'
CC='gcc'
CCDEPMODE='depmode=gcc3'
CFLAGS='-g -O2'
CPP='gcc -E'
CPPFLAGS='-I../includefiles'
CYGPATH_W='echo'
DEFS='-DHAVE_CONFIG_H'
DEPDIR='.deps'
DLLTOOL='false'
DSYMUTIL=''
DUMPBIN=''
ECHO_C=''
ECHO_N='-n'
ECHO_T=''
EGREP='/bin/grep -E'
EXEEXT=''
FC='gfortran'
FCFLAGS='-g -O2'
FGREP='/bin/grep -F'
GIT='/usr/bin/git'
GREP='/bin/grep'
INSTALL_DATA='${INSTALL} -m 644'
INSTALL_PROGRAM='${INSTALL}'
INSTALL_SCRIPT='${INSTALL}'
INSTALL_STRIP_PROGRAM='$(install_sh) -c -s'
LD='/usr/bin/ld -m elf_x86_64'
LDFLAGS=''
LIBOBJS=''
LIBS=''
LIBTOOL='$(SHELL) $(top_builddir)/libtool'
LIPO=''
LN_S='ln -s'
LTLIBOBJS=''
MAKEINFO='${SHELL} /export/data/sgraves/starlink-pyhds/hds-v4-5.2-1/build-aux/missing makeinfo'
MANIFEST_TOOL=':'
MESSGEN='messgen'
MKDIR_P='/bin/mkdir -p'
NM='/usr/bin/nm -B'
NMEDIT=''
NOPIC_FALSE=''
NOPIC_TRUE='#'
OBJDUMP='objdump'
OBJEXT='o'
OTOOL64=''
OTOOL=''
PACKAGE='hds-v4'
PACKAGE_BUGREPORT='starlink@jiscmail.ac.uk'
PACKAGE_NAME='hds-v4'
PACKAGE_STRING='hds-v4 5.2-1'
PACKAGE_TARNAME='hds-v4'
PACKAGE_URL=''
PACKAGE_VERSION='5.2-1'
PACKAGE_VERSION_INTEGER='5002001'
PACKAGE_VERSION_MAJOR='5'
PACKAGE_VERSION_MINOR='2'
PACKAGE_VERSION_RELEASE='1'
PATH_SEPARATOR=':'
PAX='/usr/bin/pax'
PREDIST=''
RANLIB='ranlib'
SED='/bin/sed'
SET_MAKE=''
SHELL='/bin/sh'
STARLINK='/export/data/sgraves/sgraves-stardev'
STAR_CPPFLAGS='-I/export/data/sgraves/sgraves-stardev/include'
STAR_DEPENDENCIES_ATTRIBUTES=''
STAR_DEPENDENCIES_CHILDREN='<build>sae</build><build>chr</build><build>cnf</build><build>ems</build><build>starmem</build><link>chr</link><link>cnf</link><link>ems</link><link>starmem</link><test>chr</test><test>cnf</test><test>ems</test><test>prm</test><test>starmem</test><sourceset>messgen</sourceset>'
STAR_DOCUMENTATION=''
STAR_FCFLAGS='-I/export/data/sgraves/sgraves-stardev/include '
STAR_FFLAGS='-I/export/data/sgraves/sgraves-stardev/include '
STAR_LDFLAGS='-L/export/data/sgraves/sgraves-stardev/lib'
STAR_MANIFEST_DIR='$(prefix)/manifests'
STAR_SOURCE_ROOT_DIR=''
STRIP='strip'
TAR='/bin/tar'
VERSION='5.2-1'
ac_ct_AR='ar'
ac_ct_CC='gcc'
ac_ct_DUMPBIN=''
ac_ct_FC='gfortran'
am__EXEEXT_FALSE=''
am__EXEEXT_TRUE='#'
am__fastdepCC_FALSE='#'
am__fastdepCC_TRUE=''
am__include='include'
am__isrc=''
am__leading_dot='.'
am__nodep='_no'
am__quote=''
am__tar='$${TAR-tar} chof - "$$tardir"'
am__untar='$${TAR-tar} xf -'
bindir='${exec_prefix}/bin'
build='x86_64-pc-linux-gnu'
build_alias=''
build_cpu='x86_64'
build_os='linux-gnu'
build_vendor='pc'
datadir='${datarootdir}'
datarootdir='${prefix}/share'
docdir='${datarootdir}/doc/${PACKAGE_TARNAME}'
dvidir='${docdir}'
exec_prefix='${prefix}'
host='x86_64-pc-linux-gnu'
host_alias=''
host_cpu='x86_64'
host_os='linux-gnu'
host_vendor='pc'
htmldir='${docdir}'
includedir='${prefix}/include'
infodir='${datarootdir}/info'
install_sh='${SHELL} /export/data/sgraves/starlink-pyhds/hds-v4-5.2-1/build-aux/install-sh'
libdir='${exec_prefix}/lib'
libexecdir='${exec_prefix}/libexec'
localedir='${datarootdir}/locale'
localstatedir='${prefix}/var'
mandir='${datarootdir}/man'
mkdir_p='$(MKDIR_P)'
oldincludedir='/usr/include'
pdfdir='${docdir}'
prefix='/export/data/sgraves/sgraves-stardev'
program_transform_name='s,x,x,'
psdir='${docdir}'
sbindir='${exec_prefix}/sbin'
sharedstatedir='${prefix}/com'
stardocsdir='${prefix}/docs'
staretcdir='${prefix}/etc'
starexamplesdir='${prefix}/examples'
starfacsdir='${prefix}/help'
starhelpdir='${prefix}/help'
starnewsdir='${prefix}/news'
sysconfdir='${prefix}/etc'
target_alias=''

## ----------- ##
## confdefs.h. ##
## ----------- ##

/* confdefs.h */
#define PACKAGE_NAME "hds-v4"
#define PACKAGE_TARNAME "hds-v4"
#define PACKAGE_VERSION "5.2-1"
#define PACKAGE_STRING "hds-v4 5.2-1"
#define PACKAGE_BUGREPORT "starlink@jiscmail.ac.uk"
#define PACKAGE_URL ""
#define PACKAGE "hds-v4"
#define VERSION "5.2-1"
#define _POSIX_C_SOURCE 200112L
#define STDC_HEADERS 1
#define HAVE_SYS_TYPES_H 1
#define HAVE_SYS_STAT_H 1
#define HAVE_STDLIB_H 1
#define HAVE_STRING_H 1
#define HAVE_MEMORY_H 1
#define HAVE_STRINGS_H 1
#define HAVE_INTTYPES_H 1
#define HAVE_STDINT_H 1
#define HAVE_UNISTD_H 1
#define HAVE_DLFCN_H 1
#define LT_OBJDIR ".libs/"
#define HAVE_FORK 1
#define HAVE_VFORK 1
#define HAVE_WORKING_VFORK 1
#define HAVE_WORKING_FORK 1
#define HAVE_STDLIB_H 1
#define HAVE_UNISTD_H 1
#define HAVE_SYS_PARAM_H 1
#define HAVE_GETPAGESIZE 1
#define HAVE_MMAP 1
#define HAVE_SYS_WAIT_H 1
#define HAVE_TIME_H 1
#define HAVE_FCNTL 1
#define HAVE_FSYNC 1
#define HAVE_ATEXIT 1
#define HAVE_ON_EXIT 1
#define HAVE_MEMMOVE 1
#define HAVE_GETWD 1
#define HAVE_GETCWD 1
#define STDC_HEADERS 1
#define HAVE_STDDEF_H 1
#define HAVE_UNISTD_H 1
#define HAVE_SYS_PARAM_H 1
#define HAVE_INTTYPES_H 1
#define HAVE_DECL_CONFSTR 1
#define HAVE_DECL_GETWD 0
#define HAVE_DECL_FSYNC 1
#define HAVE_FSEEKO 1
#define HAVE_LONG_LONG_INT 1
#define HAVE_INT 1
#define HAVE_LONG 1
#define HAVE_LONG_LONG 1
#define HAVE_OFF_T 1
#define HAVE_INT64_T 1
#define HAVE_UINT64_T 1
#define HAVE_INT32_T 1
#define HAVE_UINT32_T 1
#define HAVE_LONG_DOUBLE 1
#define HAVE_SIGNED_CHAR 1
#define SIZEOF_INT 4
#define SIZEOF_LONG 8
#define SIZEOF_LONG_LONG 8
#define SIZEOF_LONG_DOUBLE 16
#define SIZEOF_OFF_T 8
#define SIZEOF_SIZE_T 8

configure: exit 0
